2026-06-20 21:04:44 - app.main - INFO - Initializing Dynasty Ninja Timer v0.1.0
2026-06-20 21:04:44 - app.main - INFO - Static files mounted from app\static
2026-06-20 21:04:44 - app.main - INFO - App started on 0.0.0.0:8000
2026-06-20 21:19:15 - app.main - INFO - Initializing Dynasty Ninja Timer v0.1.0
2026-06-20 21:19:15 - app.main - INFO - Static files mounted from app\static
2026-06-20 21:19:15 - httpx - INFO - HTTP Request: GET http://testserver/ "HTTP/1.1 200 OK"
2026-06-20 21:19:15 - httpx - INFO - HTTP Request: GET http://testserver/display "HTTP/1.1 200 OK"
2026-06-20 21:19:15 - httpx - INFO - HTTP Request: GET http://testserver/admin "HTTP/1.1 200 OK"
2026-06-20 21:19:15 - httpx - INFO - HTTP Request: GET http://testserver/kiosk "HTTP/1.1 200 OK"
2026-06-20 21:19:15 - httpx - INFO - HTTP Request: GET http://testserver/api/v1/status "HTTP/1.1 200 OK"
2026-06-20 21:19:15 - httpx - INFO - HTTP Request: GET http://testserver/static/css/display.css "HTTP/1.1 404 Not Found"
2026-06-20 21:19:15 - httpx - INFO - HTTP Request: GET http://testserver/static/js/api_client.js "HTTP/1.1 404 Not Found"
2026-06-20 21:19:25 - app.main - INFO - Initializing Dynasty Ninja Timer v0.1.0
2026-06-20 21:19:25 - app.main - INFO - Static files mounted from app\static
2026-06-20 21:19:25 - app.main - INFO - Initializing Dynasty Ninja Timer v0.1.0
2026-06-20 21:19:25 - app.main - INFO - Static files mounted from app\static
2026-06-20 21:19:25 - app.main - INFO - Initializing Dynasty Ninja Timer v0.1.0
2026-06-20 21:19:25 - app.main - INFO - Initializing Dynasty Ninja Timer v0.1.0
2026-06-20 21:19:25 - app.main - INFO - Static files mounted from app\static
2026-06-20 21:19:25 - app.main - INFO - Static files mounted from app\static
2026-06-20 21:19:25 - app.main - INFO - Initializing Dynasty Ninja Timer v0.1.0
2026-06-20 21:19:25 - app.main - INFO - Static files mounted from app\static
2026-06-20 21:19:25 - app.main - INFO - Initializing Dynasty Ninja Timer v0.1.0
2026-06-20 21:19:25 - app.main - INFO - Static files mounted from app\static
2026-06-20 21:19:25 - httpx - INFO - HTTP Request: GET http://testserver/api/v1/status "HTTP/1.1 200 OK"
2026-06-20 21:26:17 - app.main - INFO - Initializing Dynasty Ninja Timer v0.1.0
2026-06-20 21:26:17 - app.main - INFO - Static files mounted from app\static
2026-06-20 21:34:44 - app.main - INFO - Initializing Dynasty Ninja Timer v0.1.0
2026-06-20 21:34:44 - app.main - INFO - Static files mounted from app\static
2026-06-20 21:35:39 - app.main - INFO - Initializing Dynasty Ninja Timer v0.1.0
2026-06-20 21:35:39 - app.main - INFO - Static files mounted from app\static
2026-06-20 21:35:39 - app.main - INFO - Initializing Dynasty Ninja Timer v0.1.0
2026-06-20 21:35:39 - app.main - INFO - Static files mounted from app\static
2026-06-20 21:35:40 - app.main - INFO - App started on 0.0.0.0:8000
2026-06-20 21:35:40 - watchfiles.main - INFO - 27 changes detected
2026-06-20 21:35:40 - watchfiles.main - INFO - 1 change detected
2026-06-20 21:36:13 - watchfiles.main - INFO - 141 changes detected
2026-06-20 21:36:18 - watchfiles.main - INFO - 3 changes detected
2026-06-20 21:36:18 - watchfiles.main - INFO - 1 change detected
2026-06-20 21:37:03 - watchfiles.main - INFO - 1 change detected
2026-06-20 21:37:03 - app.main - INFO - App shutting down
2026-06-20 21:37:03 - watchfiles.main - INFO - 10 changes detected
2026-06-20 21:37:03 - app.main - INFO - Initializing Dynasty Ninja Timer v0.1.0
2026-06-20 21:37:03 - app.main - INFO - Static files mounted from app\static
2026-06-20 21:37:03 - app.main - INFO - App started on 0.0.0.0:8000
2026-06-20 21:37:04 - watchfiles.main - INFO - 3 changes detected
2026-06-20 21:37:04 - watchfiles.main - INFO - 1 change detected
2026-06-20 21:37:05 - watchfiles.main - INFO - 1 change detected
2026-06-20 21:37:05 - watchfiles.main - INFO - 1 change detected
2026-06-20 21:37:05 - watchfiles.main - INFO - 1 change detected
2026-06-20 21:37:06 - watchfiles.main - INFO - 1 change detected
2026-06-20 21:37:06 - watchfiles.main - INFO - 1 change detected
2026-06-20 21:37:07 - watchfiles.main - INFO - 1 change detected
2026-06-20 21:37:07 - watchfiles.main - INFO - 1 change detected
2026-06-20 21:37:07 - watchfiles.main - INFO - 1 change detected
2026-06-20 21:37:08 - watchfiles.main - INFO - 1 change detected
2026-06-20 21:37:08 - watchfiles.main - INFO - 1 change detected
2026-06-20 21:37:09 - watchfiles.main - INFO - 1 change detected
2026-06-20 21:37:09 - watchfiles.main - INFO - 1 change detected
2026-06-20 21:37:09 - watchfiles.main - INFO - 1 change detected
2026-06-20 21:37:10 - watchfiles.main - INFO - 1 change detected
2026-06-20 21:37:10 - watchfiles.main - INFO - 1 change detected
2026-06-20 21:37:11 - watchfiles.main - INFO - 1 change detected
2026-06-20 21:37:11 - watchfiles.main - INFO - 1 change detected
2026-06-20 21:37:12 - watchfiles.main - INFO - 1 change detected
2026-06-20 21:37:12 - watchfiles.main - INFO - 1 change detected
2026-06-20 21:37:12 - watchfiles.main - INFO - 1 change detected
2026-06-20 21:37:13 - watchfiles.main - INFO - 1 change detected
2026-06-20 21:37:13 - watchfiles.main - INFO - 1 change detected
2026-06-20 21:37:13 - watchfiles.main - INFO - 1 change detected
2026-06-20 21:37:14 - watchfiles.main - INFO - 1 change detected
2026-06-20 21:37:14 - watchfiles.main - INFO - 1 change detected
2026-06-20 21:37:14 - watchfiles.main - INFO - 1 change detected
2026-06-20 21:37:15 - watchfiles.main - INFO - 1 change detected
2026-06-20 21:37:15 - watchfiles.main - INFO - 1 change detected
2026-06-20 21:37:16 - watchfiles.main - INFO - 1 change detected
2026-06-20 21:37:16 - watchfiles.main - INFO - 1 change detected
2026-06-20 21:37:17 - watchfiles.main - INFO - 1 change detected
2026-06-20 21:37:17 - watchfiles.main - INFO - 1 change detected
2026-06-20 21:37:18 - watchfiles.main - INFO - 1 change detected
2026-06-20 21:37:18 - watchfiles.main - INFO - 1 change detected
2026-06-20 21:37:18 - watchfiles.main - INFO - 6 changes detected
2026-06-20 21:37:18 - app.main - INFO - Initializing Dynasty Ninja Timer v0.1.0
2026-06-20 21:37:18 - app.main - INFO - Static files mounted from app\static
2026-06-20 21:37:19 - httpx - INFO - HTTP Request: GET http://testserver/ "HTTP/1.1 200 OK"
2026-06-20 21:37:19 - httpx - INFO - HTTP Request: GET http://testserver/display "HTTP/1.1 200 OK"
2026-06-20 21:37:19 - httpx - INFO - HTTP Request: GET http://testserver/admin "HTTP/1.1 200 OK"
2026-06-20 21:37:19 - httpx - INFO - HTTP Request: GET http://testserver/kiosk "HTTP/1.1 200 OK"
2026-06-20 21:37:19 - watchfiles.main - INFO - 10 changes detected
2026-06-20 21:37:19 - watchfiles.main - INFO - 1 change detected
2026-06-20 21:37:20 - watchfiles.main - INFO - 1 change detected
2026-06-20 21:37:20 - watchfiles.main - INFO - 1 change detected
2026-06-20 21:37:20 - watchfiles.main - INFO - 1 change detected
2026-06-20 21:37:21 - watchfiles.main - INFO - 1 change detected
2026-06-20 21:37:21 - watchfiles.main - INFO - 1 change detected
2026-06-20 21:37:21 - watchfiles.main - INFO - 1 change detected
2026-06-20 21:37:22 - watchfiles.main - INFO - 1 change detected
2026-06-20 21:37:22 - watchfiles.main - INFO - 1 change detected
2026-06-20 21:37:23 - watchfiles.main - INFO - 1 change detected
2026-06-20 21:37:23 - watchfiles.main - INFO - 1 change detected
2026-06-20 21:37:24 - watchfiles.main - INFO - 1 change detected
2026-06-20 21:37:24 - watchfiles.main - INFO - 1 change detected
2026-06-20 21:37:24 - watchfiles.main - INFO - 1 change detected
2026-06-20 21:37:25 - watchfiles.main - INFO - 1 change detected
2026-06-20 21:37:25 - watchfiles.main - INFO - 1 change detected
2026-06-20 21:37:26 - watchfiles.main - INFO - 1 change detected
2026-06-20 21:37:26 - watchfiles.main - INFO - 1 change detected
2026-06-20 21:37:26 - watchfiles.main - INFO - 1 change detected
2026-06-20 21:37:27 - watchfiles.main - INFO - 1 change detected
2026-06-20 21:37:27 - watchfiles.main - INFO - 1 change detected
2026-06-20 21:37:28 - watchfiles.main - INFO - 1 change detected
2026-06-20 21:37:28 - watchfiles.main - INFO - 1 change detected
2026-06-20 21:37:28 - watchfiles.main - INFO - 1 change detected
2026-06-20 21:37:29 - watchfiles.main - INFO - 1 change detected
2026-06-20 21:37:29 - watchfiles.main - INFO - 1 change detected
2026-06-20 21:37:30 - watchfiles.main - INFO - 1 change detected
2026-06-20 21:37:30 - watchfiles.main - INFO - 1 change detected
2026-06-20 21:37:30 - watchfiles.main - INFO - 1 change detected
2026-06-20 21:37:31 - watchfiles.main - INFO - 1 change detected
2026-06-20 21:37:31 - watchfiles.main - INFO - 1 change detected
2026-06-20 21:37:32 - watchfiles.main - INFO - 1 change detected
2026-06-20 21:37:32 - watchfiles.main - INFO - 1 change detected
2026-06-20 21:37:32 - watchfiles.main - INFO - 1 change detected
2026-06-20 21:37:33 - watchfiles.main - INFO - 1 change detected
2026-06-20 21:37:33 - watchfiles.main - INFO - 7 changes detected
2026-06-20 21:37:34 - watchfiles.main - INFO - 1 change detected
2026-06-20 21:37:34 - watchfiles.main - INFO - 1 change detected
2026-06-20 21:37:34 - watchfiles.main - INFO - 1 change detected
2026-06-20 21:37:35 - watchfiles.main - INFO - 1 change detected
2026-06-20 21:37:35 - watchfiles.main - INFO - 1 change detected
2026-06-20 21:37:35 - watchfiles.main - INFO - 1 change detected
2026-06-20 21:37:36 - watchfiles.main - INFO - 1 change detected
2026-06-20 21:37:36 - watchfiles.main - INFO - 1 change detected
2026-06-20 21:37:37 - watchfiles.main - INFO - 1 change detected
2026-06-20 21:37:37 - watchfiles.main - INFO - 1 change detected
2026-06-20 21:37:37 - watchfiles.main - INFO - 1 change detected
2026-06-20 21:37:38 - watchfiles.main - INFO - 1 change detected
2026-06-20 21:37:38 - watchfiles.main - INFO - 1 change detected
2026-06-20 21:37:39 - watchfiles.main - INFO - 1 change detected
2026-06-20 21:37:39 - watchfiles.main - INFO - 1 change detected
2026-06-20 21:37:40 - watchfiles.main - INFO - 1 change detected
2026-06-20 21:37:40 - watchfiles.main - INFO - 2 changes detected
2026-06-20 21:37:40 - watchfiles.main - INFO - 1 change detected
2026-06-20 21:37:41 - app.main - INFO - Initializing Dynasty Ninja Timer v0.1.0
2026-06-20 21:37:41 - app.main - INFO - Static files mounted from app\static
2026-06-20 21:37:41 - httpx - INFO - HTTP Request: GET http://testserver/ "HTTP/1.1 200 OK"
2026-06-20 21:37:41 - httpx - INFO - HTTP Request: GET http://testserver/display "HTTP/1.1 200 OK"
2026-06-20 21:37:41 - httpx - INFO - HTTP Request: GET http://testserver/admin "HTTP/1.1 200 OK"
2026-06-20 21:37:41 - httpx - INFO - HTTP Request: GET http://testserver/kiosk "HTTP/1.1 200 OK"
2026-06-20 21:37:41 - watchfiles.main - INFO - 1 change detected
2026-06-20 21:37:41 - watchfiles.main - INFO - 1 change detected
2026-06-20 21:37:41 - watchfiles.main - INFO - 1 change detected
2026-06-20 21:37:42 - watchfiles.main - INFO - 1 change detected
2026-06-20 21:37:42 - watchfiles.main - INFO - 1 change detected
2026-06-20 21:37:43 - watchfiles.main - INFO - 1 change detected
2026-06-20 21:37:43 - watchfiles.main - INFO - 1 change detected
2026-06-20 21:37:43 - watchfiles.main - INFO - 1 change detected
2026-06-20 21:37:44 - watchfiles.main - INFO - 1 change detected
2026-06-20 21:37:44 - watchfiles.main - INFO - 1 change detected
2026-06-20 21:37:45 - watchfiles.main - INFO - 1 change detected
2026-06-20 21:37:45 - watchfiles.main - INFO - 1 change detected
2026-06-20 21:37:45 - watchfiles.main - INFO - 1 change detected
2026-06-20 21:37:46 - watchfiles.main - INFO - 1 change detected
2026-06-20 21:37:46 - watchfiles.main - INFO - 1 change detected
2026-06-20 21:37:47 - watchfiles.main - INFO - 1 change detected
2026-06-20 21:37:47 - watchfiles.main - INFO - 1 change detected
2026-06-20 21:37:47 - watchfiles.main - INFO - 1 change detected
2026-06-20 21:37:48 - watchfiles.main - INFO - 1 change detected
2026-06-20 21:37:48 - watchfiles.main - INFO - 4 changes detected
2026-06-20 21:37:49 - watchfiles.main - INFO - 1 change detected
2026-06-20 21:37:49 - watchfiles.main - INFO - 1 change detected
2026-06-20 21:37:49 - watchfiles.main - INFO - 1 change detected
2026-06-20 21:37:50 - watchfiles.main - INFO - 1 change detected
2026-06-20 21:37:50 - watchfiles.main - INFO - 1 change detected
2026-06-20 21:37:50 - watchfiles.main - INFO - 1 change detected
2026-06-20 21:37:51 - watchfiles.main - INFO - 1 change detected
2026-06-20 21:37:51 - watchfiles.main - INFO - 1 change detected
2026-06-20 21:37:52 - watchfiles.main - INFO - 1 change detected
2026-06-20 21:37:52 - watchfiles.main - INFO - 1 change detected
2026-06-20 21:37:52 - watchfiles.main - INFO - 1 change detected
2026-06-20 21:37:53 - watchfiles.main - INFO - 1 change detected
2026-06-20 21:37:53 - watchfiles.main - INFO - 1 change detected
2026-06-20 21:37:54 - watchfiles.main - INFO - 1 change detected
2026-06-20 21:37:54 - watchfiles.main - INFO - 1 change detected
2026-06-20 21:37:54 - watchfiles.main - INFO - 1 change detected
2026-06-20 21:37:55 - watchfiles.main - INFO - 1 change detected
2026-06-20 21:37:55 - watchfiles.main - INFO - 1 change detected
2026-06-20 21:37:56 - watchfiles.main - INFO - 1 change detected
2026-06-20 21:37:56 - watchfiles.main - INFO - 1 change detected
2026-06-20 21:37:56 - watchfiles.main - INFO - 1 change detected
2026-06-20 21:37:57 - watchfiles.main - INFO - 1 change detected
2026-06-20 21:37:57 - watchfiles.main - INFO - 1 change detected
2026-06-20 21:37:58 - watchfiles.main - INFO - 1 change detected
2026-06-20 21:37:58 - watchfiles.main - INFO - 1 change detected
2026-06-20 21:37:58 - watchfiles.main - INFO - 1 change detected
2026-06-20 21:37:59 - watchfiles.main - INFO - 17 changes detected
2026-06-20 21:38:00 - watchfiles.main - INFO - 108 changes detected
2026-06-20 21:38:01 - watchfiles.main - INFO - 21 changes detected
2026-06-20 21:38:20 - watchfiles.main - INFO - 1 change detected
2026-06-20 21:38:21 - watchfiles.main - INFO - 78 changes detected
2026-06-20 21:38:22 - watchfiles.main - INFO - 8 changes detected
2026-06-20 21:38:22 - watchfiles.main - INFO - 1 change detected
2026-06-20 21:38:22 - watchfiles.main - INFO - 1 change detected
2026-06-20 21:38:23 - watchfiles.main - INFO - 1 change detected
2026-06-20 21:38:23 - watchfiles.main - INFO - 1 change detected
2026-06-20 21:38:23 - watchfiles.main - INFO - 1 change detected
2026-06-20 21:38:24 - watchfiles.main - INFO - 1 change detected
2026-06-20 21:38:24 - watchfiles.main - INFO - 1 change detected
2026-06-20 21:38:25 - watchfiles.main - INFO - 1 change detected
2026-06-20 21:38:25 - watchfiles.main - INFO - 1 change detected
2026-06-20 21:38:25 - watchfiles.main - INFO - 1 change detected
2026-06-20 21:38:26 - watchfiles.main - INFO - 1 change detected
2026-06-20 21:38:26 - watchfiles.main - INFO - 1 change detected
2026-06-20 21:38:27 - watchfiles.main - INFO - 1 change detected
2026-06-20 21:38:27 - watchfiles.main - INFO - 1 change detected
2026-06-20 21:38:28 - watchfiles.main - INFO - 1 change detected
2026-06-20 21:38:28 - watchfiles.main - INFO - 1 change detected
2026-06-20 21:38:28 - watchfiles.main - INFO - 1 change detected
2026-06-20 21:38:29 - watchfiles.main - INFO - 1 change detected
2026-06-20 21:38:29 - watchfiles.main - INFO - 1 change detected
2026-06-20 21:38:30 - watchfiles.main - INFO - 1 change detected
2026-06-20 21:38:30 - watchfiles.main - INFO - 1 change detected
2026-06-20 21:38:30 - watchfiles.main - INFO - 1 change detected
2026-06-20 21:38:31 - watchfiles.main - INFO - 1 change detected
2026-06-20 21:38:31 - watchfiles.main - INFO - 1 change detected
2026-06-20 21:38:32 - watchfiles.main - INFO - 1 change detected
2026-06-20 21:38:32 - watchfiles.main - INFO - 1 change detected
2026-06-20 21:38:32 - watchfiles.main - INFO - 1 change detected
2026-06-20 21:38:33 - watchfiles.main - INFO - 1 change detected
2026-06-20 21:38:33 - watchfiles.main - INFO - 1 change detected
2026-06-20 21:38:34 - watchfiles.main - INFO - 1 change detected
2026-06-20 21:38:34 - watchfiles.main - INFO - 1 change detected
2026-06-20 21:38:34 - watchfiles.main - INFO - 1 change detected
2026-06-20 21:38:35 - watchfiles.main - INFO - 1 change detected
2026-06-20 21:38:35 - watchfiles.main - INFO - 1 change detected
2026-06-20 21:38:36 - watchfiles.main - INFO - 1 change detected
2026-06-20 21:38:36 - watchfiles.main - INFO - 1 change detected
2026-06-20 21:38:36 - watchfiles.main - INFO - 1 change detected
2026-06-20 21:38:37 - watchfiles.main - INFO - 1 change detected
2026-06-20 21:38:37 - watchfiles.main - INFO - 1 change detected
2026-06-20 21:38:38 - watchfiles.main - INFO - 1 change detected
2026-06-20 21:38:38 - watchfiles.main - INFO - 1 change detected
2026-06-20 21:38:38 - watchfiles.main - INFO - 1 change detected
2026-06-20 21:38:39 - watchfiles.main - INFO - 1 change detected
2026-06-20 21:38:39 - watchfiles.main - INFO - 1 change detected
2026-06-20 21:38:40 - watchfiles.main - INFO - 1 change detected
2026-06-20 21:38:40 - watchfiles.main - INFO - 1 change detected
2026-06-20 21:38:40 - watchfiles.main - INFO - 1 change detected
2026-06-20 21:38:41 - watchfiles.main - INFO - 1 change detected
2026-06-20 21:38:41 - watchfiles.main - INFO - 1 change detected
2026-06-20 21:38:42 - watchfiles.main - INFO - 1 change detected
2026-06-20 21:38:42 - watchfiles.main - INFO - 1 change detected
2026-06-20 21:38:42 - watchfiles.main - INFO - 1 change detected
2026-06-20 21:38:43 - watchfiles.main - INFO - 1 change detected
2026-06-20 21:38:43 - watchfiles.main - INFO - 1 change detected
2026-06-20 21:38:44 - watchfiles.main - INFO - 1 change detected
2026-06-20 21:38:44 - watchfiles.main - INFO - 1 change detected
2026-06-20 21:38:44 - watchfiles.main - INFO - 1 change detected
2026-06-20 21:38:45 - watchfiles.main - INFO - 1 change detected
2026-06-20 21:38:45 - watchfiles.main - INFO - 1 change detected
2026-06-20 21:38:46 - watchfiles.main - INFO - 1 change detected
2026-06-20 21:38:46 - watchfiles.main - INFO - 1 change detected
2026-06-20 21:38:46 - watchfiles.main - INFO - 1 change detected
2026-06-20 21:38:47 - watchfiles.main - INFO - 1 change detected
2026-06-20 21:38:47 - watchfiles.main - INFO - 1 change detected
2026-06-20 21:38:48 - watchfiles.main - INFO - 1 change detected
2026-06-20 21:38:48 - watchfiles.main - INFO - 1 change detected
2026-06-20 21:38:48 - watchfiles.main - INFO - 1 change detected
2026-06-20 21:38:49 - watchfiles.main - INFO - 1 change detected
2026-06-20 21:38:49 - watchfiles.main - INFO - 1 change detected
2026-06-20 21:38:50 - watchfiles.main - INFO - 1 change detected
2026-06-20 21:38:50 - watchfiles.main - INFO - 1 change detected
2026-06-20 21:38:50 - watchfiles.main - INFO - 1 change detected
2026-06-20 21:38:51 - watchfiles.main - INFO - 1 change detected
2026-06-20 21:38:51 - watchfiles.main - INFO - 1 change detected
2026-06-20 21:38:52 - watchfiles.main - INFO - 1 change detected
2026-06-20 21:38:52 - watchfiles.main - INFO - 1 change detected
2026-06-20 21:38:52 - watchfiles.main - INFO - 1 change detected
2026-06-20 21:38:53 - watchfiles.main - INFO - 1 change detected
2026-06-20 21:38:53 - watchfiles.main - INFO - 1 change detected
2026-06-20 21:38:54 - watchfiles.main - INFO - 1 change detected
2026-06-20 21:38:54 - watchfiles.main - INFO - 1 change detected
2026-06-20 21:38:55 - watchfiles.main - INFO - 1 change detected
2026-06-20 21:38:55 - watchfiles.main - INFO - 1 change detected
2026-06-20 21:38:55 - watchfiles.main - INFO - 1 change detected
2026-06-20 21:38:56 - watchfiles.main - INFO - 1 change detected
2026-06-20 21:38:56 - watchfiles.main - INFO - 1 change detected
2026-06-20 21:38:57 - watchfiles.main - INFO - 1 change detected
2026-06-20 21:38:57 - watchfiles.main - INFO - 1 change detected
2026-06-20 21:38:57 - watchfiles.main - INFO - 1 change detected
2026-06-20 21:38:58 - watchfiles.main - INFO - 1 change detected
2026-06-20 21:38:58 - watchfiles.main - INFO - 1 change detected
2026-06-20 21:38:58 - watchfiles.main - INFO - 1 change detected
2026-06-20 21:38:59 - watchfiles.main - INFO - 1 change detected
2026-06-20 21:38:59 - watchfiles.main - INFO - 1 change detected
2026-06-20 21:39:00 - watchfiles.main - INFO - 1 change detected
2026-06-20 21:39:00 - watchfiles.main - INFO - 1 change detected
2026-06-20 21:39:01 - watchfiles.main - INFO - 1 change detected
2026-06-20 21:39:01 - watchfiles.main - INFO - 1 change detected
2026-06-20 21:39:01 - watchfiles.main - INFO - 1 change detected
2026-06-20 21:39:02 - watchfiles.main - INFO - 1 change detected
2026-06-20 21:39:02 - watchfiles.main - INFO - 1 change detected
2026-06-20 21:39:03 - watchfiles.main - INFO - 1 change detected
2026-06-20 21:39:03 - watchfiles.main - INFO - 1 change detected
2026-06-20 21:39:03 - watchfiles.main - INFO - 1 change detected
2026-06-20 21:39:04 - watchfiles.main - INFO - 1 change detected
2026-06-20 21:39:04 - watchfiles.main - INFO - 1 change detected
2026-06-20 21:39:05 - watchfiles.main - INFO - 1 change detected
2026-06-20 21:39:05 - watchfiles.main - INFO - 1 change detected
2026-06-20 21:39:05 - watchfiles.main - INFO - 1 change detected
2026-06-20 21:39:06 - watchfiles.main - INFO - 1 change detected
2026-06-20 21:39:06 - watchfiles.main - INFO - 1 change detected
2026-06-20 21:39:07 - watchfiles.main - INFO - 1 change detected
2026-06-20 21:39:07 - watchfiles.main - INFO - 1 change detected
2026-06-20 21:39:07 - watchfiles.main - INFO - 1 change detected
2026-06-20 21:39:08 - watchfiles.main - INFO - 1 change detected
2026-06-20 21:39:08 - watchfiles.main - INFO - 1 change detected
2026-06-20 21:39:09 - watchfiles.main - INFO - 1 change detected
2026-06-20 21:39:09 - watchfiles.main - INFO - 1 change detected
2026-06-20 21:39:09 - watchfiles.main - INFO - 1 change detected
2026-06-20 21:39:10 - watchfiles.main - INFO - 2 changes detected
2026-06-20 21:39:10 - watchfiles.main - INFO - 1 change detected
2026-06-20 21:39:11 - watchfiles.main - INFO - 1 change detected
2026-06-20 21:39:11 - watchfiles.main - INFO - 1 change detected
2026-06-20 21:39:11 - watchfiles.main - INFO - 1 change detected
2026-06-20 21:39:12 - watchfiles.main - INFO - 1 change detected
2026-06-20 21:39:12 - watchfiles.main - INFO - 1 change detected
2026-06-20 21:39:13 - watchfiles.main - INFO - 1 change detected
2026-06-20 21:39:13 - watchfiles.main - INFO - 1 change detected
2026-06-20 21:39:13 - watchfiles.main - INFO - 1 change detected
2026-06-20 21:39:14 - watchfiles.main - INFO - 1 change detected
2026-06-20 21:39:14 - watchfiles.main - INFO - 1 change detected
2026-06-20 21:39:15 - watchfiles.main - INFO - 1 change detected
2026-06-20 21:39:15 - watchfiles.main - INFO - 1 change detected
2026-06-20 21:39:15 - watchfiles.main - INFO - 1 change detected
2026-06-20 21:39:16 - watchfiles.main - INFO - 1 change detected
2026-06-20 21:39:16 - watchfiles.main - INFO - 1 change detected
2026-06-20 21:39:17 - watchfiles.main - INFO - 1 change detected
2026-06-20 21:39:17 - watchfiles.main - INFO - 1 change detected
2026-06-20 21:39:17 - watchfiles.main - INFO - 1 change detected
2026-06-20 21:39:18 - watchfiles.main - INFO - 1 change detected
2026-06-20 21:39:18 - watchfiles.main - INFO - 1 change detected
2026-06-20 21:39:19 - watchfiles.main - INFO - 1 change detected
2026-06-20 21:39:19 - watchfiles.main - INFO - 2 changes detected
2026-06-20 21:39:19 - watchfiles.main - INFO - 1 change detected
2026-06-20 21:39:20 - watchfiles.main - INFO - 1 change detected
2026-06-20 21:39:20 - watchfiles.main - INFO - 1 change detected
2026-06-20 21:39:21 - watchfiles.main - INFO - 1 change detected
2026-06-20 21:39:21 - watchfiles.main - INFO - 1 change detected
2026-06-20 21:39:21 - watchfiles.main - INFO - 1 change detected
2026-06-20 21:39:22 - watchfiles.main - INFO - 1 change detected
2026-06-20 21:39:22 - watchfiles.main - INFO - 1 change detected
2026-06-20 21:39:23 - watchfiles.main - INFO - 1 change detected
2026-06-20 21:39:23 - watchfiles.main - INFO - 1 change detected
2026-06-20 21:39:23 - watchfiles.main - INFO - 1 change detected
2026-06-20 21:39:24 - watchfiles.main - INFO - 1 change detected
2026-06-20 21:39:24 - watchfiles.main - INFO - 1 change detected
2026-06-20 21:39:25 - watchfiles.main - INFO - 1 change detected
2026-06-20 21:39:25 - watchfiles.main - INFO - 1 change detected
2026-06-20 21:39:25 - watchfiles.main - INFO - 1 change detected
2026-06-20 21:39:26 - watchfiles.main - INFO - 1 change detected
2026-06-20 21:39:26 - watchfiles.main - INFO - 1 change detected
2026-06-20 21:39:27 - watchfiles.main - INFO - 1 change detected
2026-06-20 21:39:27 - watchfiles.main - INFO - 1 change detected
2026-06-20 21:39:27 - watchfiles.main - INFO - 1 change detected
2026-06-20 21:39:28 - watchfiles.main - INFO - 1 change detected
2026-06-20 21:39:28 - watchfiles.main - INFO - 1 change detected
2026-06-20 21:39:29 - watchfiles.main - INFO - 1 change detected
2026-06-20 21:39:29 - watchfiles.main - INFO - 1 change detected
2026-06-20 21:39:29 - watchfiles.main - INFO - 1 change detected
2026-06-20 21:39:30 - watchfiles.main - INFO - 1 change detected
2026-06-20 21:39:30 - watchfiles.main - INFO - 1 change detected
2026-06-20 21:39:30 - watchfiles.main - INFO - 1 change detected
2026-06-20 21:39:31 - watchfiles.main - INFO - 1 change detected
2026-06-20 21:39:31 - watchfiles.main - INFO - 1 change detected
2026-06-20 21:39:32 - watchfiles.main - INFO - 1 change detected
2026-06-20 21:39:32 - watchfiles.main - INFO - 1 change detected
2026-06-20 21:39:32 - watchfiles.main - INFO - 1 change detected
2026-06-20 21:39:33 - watchfiles.main - INFO - 1 change detected
2026-06-20 21:39:33 - watchfiles.main - INFO - 1 change detected
2026-06-20 21:39:34 - watchfiles.main - INFO - 1 change detected
2026-06-20 21:39:34 - watchfiles.main - INFO - 1 change detected
2026-06-20 21:39:34 - watchfiles.main - INFO - 1 change detected
2026-06-20 21:39:35 - watchfiles.main - INFO - 1 change detected
2026-06-20 21:39:35 - watchfiles.main - INFO - 1 change detected
2026-06-20 21:39:36 - watchfiles.main - INFO - 1 change detected
2026-06-20 21:39:36 - watchfiles.main - INFO - 1 change detected
2026-06-20 21:39:36 - watchfiles.main - INFO - 1 change detected
2026-06-20 21:39:37 - watchfiles.main - INFO - 1 change detected
2026-06-20 21:39:37 - app.main - INFO - Initializing Dynasty Ninja Timer v0.1.0
2026-06-20 21:39:37 - app.main - INFO - Static files mounted from app\static
2026-06-20 21:39:37 - httpx - INFO - HTTP Request: GET http://testserver/display "HTTP/1.1 200 OK"
2026-06-20 21:39:37 - watchfiles.main - INFO - 2 changes detected
2026-06-20 21:39:38 - watchfiles.main - INFO - 1 change detected
2026-06-20 21:39:38 - watchfiles.main - INFO - 1 change detected
2026-06-20 21:39:38 - watchfiles.main - INFO - 1 change detected
2026-06-20 21:39:39 - watchfiles.main - INFO - 1 change detected
2026-06-20 21:39:39 - watchfiles.main - INFO - 1 change detected
2026-06-20 21:39:40 - watchfiles.main - INFO - 1 change detected
2026-06-20 21:39:40 - watchfiles.main - INFO - 1 change detected
2026-06-20 21:39:40 - watchfiles.main - INFO - 1 change detected
2026-06-20 21:39:41 - watchfiles.main - INFO - 1 change detected
2026-06-20 21:39:41 - watchfiles.main - INFO - 1 change detected
2026-06-20 21:39:42 - watchfiles.main - INFO - 1 change detected
2026-06-20 21:39:42 - watchfiles.main - INFO - 1 change detected
2026-06-20 21:39:42 - watchfiles.main - INFO - 1 change detected
2026-06-20 21:39:43 - watchfiles.main - INFO - 1 change detected
2026-06-20 21:39:43 - watchfiles.main - INFO - 1 change detected
2026-06-20 21:39:44 - watchfiles.main - INFO - 1 change detected
2026-06-20 21:39:44 - watchfiles.main - INFO - 1 change detected
2026-06-20 21:39:44 - watchfiles.main - INFO - 1 change detected
2026-06-20 21:39:45 - watchfiles.main - INFO - 1 change detected
2026-06-20 21:39:45 - watchfiles.main - INFO - 1 change detected
2026-06-20 21:39:46 - watchfiles.main - INFO - 1 change detected
2026-06-20 21:39:46 - watchfiles.main - INFO - 1 change detected
2026-06-20 21:39:46 - watchfiles.main - INFO - 1 change detected
2026-06-20 21:39:47 - watchfiles.main - INFO - 1 change detected
2026-06-20 21:39:47 - watchfiles.main - INFO - 1 change detected
2026-06-20 21:39:48 - watchfiles.main - INFO - 1 change detected
2026-06-20 21:39:48 - watchfiles.main - INFO - 1 change detected
2026-06-20 21:39:48 - app.main - INFO - Initializing Dynasty Ninja Timer v0.1.0
2026-06-20 21:39:48 - app.main - INFO - Static files mounted from app\static
2026-06-20 21:39:48 - httpx - INFO - HTTP Request: GET http://testserver/display "HTTP/1.1 200 OK"
2026-06-20 21:39:48 - watchfiles.main - INFO - 1 change detected
2026-06-20 21:39:49 - watchfiles.main - INFO - 1 change detected
2026-06-20 21:39:49 - watchfiles.main - INFO - 1 change detected
2026-06-20 21:39:50 - watchfiles.main - INFO - 1 change detected
2026-06-20 21:39:50 - watchfiles.main - INFO - 1 change detected
2026-06-20 21:39:50 - watchfiles.main - INFO - 1 change detected
2026-06-20 21:39:51 - watchfiles.main - INFO - 1 change detected
2026-06-20 21:39:51 - watchfiles.main - INFO - 1 change detected
2026-06-20 21:39:52 - watchfiles.main - INFO - 1 change detected
2026-06-20 21:39:52 - watchfiles.main - INFO - 1 change detected
2026-06-20 21:39:52 - watchfiles.main - INFO - 1 change detected
2026-06-20 21:39:53 - watchfiles.main - INFO - 1 change detected
2026-06-20 21:39:53 - watchfiles.main - INFO - 1 change detected
2026-06-20 21:39:54 - watchfiles.main - INFO - 1 change detected
2026-06-20 21:39:54 - watchfiles.main - INFO - 1 change detected
2026-06-20 21:39:54 - watchfiles.main - INFO - 1 change detected
2026-06-20 21:39:55 - watchfiles.main - INFO - 1 change detected
2026-06-20 21:39:55 - watchfiles.main - INFO - 1 change detected
2026-06-20 21:39:56 - watchfiles.main - INFO - 1 change detected
2026-06-20 21:39:56 - watchfiles.main - INFO - 1 change detected
2026-06-20 21:39:56 - watchfiles.main - INFO - 1 change detected
2026-06-20 21:39:57 - watchfiles.main - INFO - 1 change detected
2026-06-20 21:39:57 - watchfiles.main - INFO - 1 change detected
2026-06-20 21:39:58 - watchfiles.main - INFO - 1 change detected
2026-06-20 21:39:58 - watchfiles.main - INFO - 1 change detected
2026-06-20 21:39:58 - watchfiles.main - INFO - 1 change detected
2026-06-20 21:39:59 - watchfiles.main - INFO - 1 change detected
2026-06-20 21:39:59 - watchfiles.main - INFO - 1 change detected
2026-06-20 21:40:00 - watchfiles.main - INFO - 1 change detected
2026-06-20 21:40:00 - app.main - INFO - Initializing Dynasty Ninja Timer v0.1.0
2026-06-20 21:40:00 - app.main - INFO - Static files mounted from app\static
2026-06-20 21:40:00 - httpx - INFO - HTTP Request: GET http://testserver/display "HTTP/1.1 200 OK"
2026-06-20 21:40:00 - watchfiles.main - INFO - 1 change detected
2026-06-20 21:40:00 - watchfiles.main - INFO - 1 change detected
2026-06-20 21:40:01 - watchfiles.main - INFO - 1 change detected
2026-06-20 21:40:01 - watchfiles.main - INFO - 1 change detected
2026-06-20 21:40:01 - watchfiles.main - INFO - 1 change detected
2026-06-20 21:40:02 - watchfiles.main - INFO - 1 change detected
2026-06-20 21:40:02 - watchfiles.main - INFO - 1 change detected
2026-06-20 21:40:03 - watchfiles.main - INFO - 1 change detected
2026-06-20 21:40:03 - watchfiles.main - INFO - 1 change detected
2026-06-20 21:40:03 - watchfiles.main - INFO - 1 change detected
2026-06-20 21:40:04 - watchfiles.main - INFO - 1 change detected
2026-06-20 21:40:04 - watchfiles.main - INFO - 1 change detected
2026-06-20 21:40:05 - watchfiles.main - INFO - 1 change detected
2026-06-20 21:40:05 - watchfiles.main - INFO - 1 change detected
2026-06-20 21:40:05 - watchfiles.main - INFO - 1 change detected
2026-06-20 21:40:06 - watchfiles.main - INFO - 1 change detected
2026-06-20 21:40:06 - watchfiles.main - INFO - 1 change detected
2026-06-20 21:40:07 - watchfiles.main - INFO - 1 change detected
2026-06-20 21:40:07 - watchfiles.main - INFO - 1 change detected
2026-06-20 21:40:07 - watchfiles.main - INFO - 1 change detected
2026-06-20 21:40:08 - watchfiles.main - INFO - 1 change detected
2026-06-20 21:40:08 - watchfiles.main - INFO - 1 change detected
2026-06-20 21:40:09 - watchfiles.main - INFO - 1 change detected
2026-06-20 21:40:09 - watchfiles.main - INFO - 1 change detected
2026-06-20 21:40:09 - watchfiles.main - INFO - 1 change detected
2026-06-20 21:40:10 - watchfiles.main - INFO - 2 changes detected
2026-06-20 21:40:10 - watchfiles.main - INFO - 1 change detected
2026-06-20 21:40:11 - watchfiles.main - INFO - 1 change detected
2026-06-20 21:40:11 - watchfiles.main - INFO - 1 change detected
2026-06-20 21:40:11 - watchfiles.main - INFO - 1 change detected
2026-06-20 21:40:12 - watchfiles.main - INFO - 1 change detected
2026-06-20 21:40:12 - watchfiles.main - INFO - 1 change detected
2026-06-20 21:40:13 - watchfiles.main - INFO - 1 change detected
2026-06-20 21:40:13 - watchfiles.main - INFO - 1 change detected
2026-06-20 21:40:13 - watchfiles.main - INFO - 1 change detected
2026-06-20 21:40:14 - watchfiles.main - INFO - 1 change detected
2026-06-20 21:40:14 - watchfiles.main - INFO - 1 change detected
2026-06-20 21:40:15 - watchfiles.main - INFO - 1 change detected
2026-06-20 21:40:15 - watchfiles.main - INFO - 1 change detected
2026-06-20 21:40:15 - watchfiles.main - INFO - 1 change detected
2026-06-20 21:40:16 - watchfiles.main - INFO - 1 change detected
2026-06-20 21:40:16 - watchfiles.main - INFO - 1 change detected
2026-06-20 21:40:17 - watchfiles.main - INFO - 1 change detected
2026-06-20 21:40:17 - watchfiles.main - INFO - 1 change detected
2026-06-20 21:40:17 - watchfiles.main - INFO - 1 change detected
2026-06-20 21:40:18 - watchfiles.main - INFO - 1 change detected
2026-06-20 21:40:18 - watchfiles.main - INFO - 1 change detected
2026-06-20 21:40:18 - app.main - INFO - Initializing Dynasty Ninja Timer v0.1.0
2026-06-20 21:40:18 - app.main - INFO - Static files mounted from app\static
2026-06-20 21:40:18 - httpx - INFO - HTTP Request: GET http://testserver/ "HTTP/1.1 200 OK"
2026-06-20 21:40:18 - httpx - INFO - HTTP Request: GET http://testserver/display "HTTP/1.1 200 OK"
2026-06-20 21:40:18 - httpx - INFO - HTTP Request: GET http://testserver/admin "HTTP/1.1 200 OK"
2026-06-20 21:40:18 - httpx - INFO - HTTP Request: GET http://testserver/kiosk "HTTP/1.1 200 OK"
2026-06-20 21:40:19 - watchfiles.main - INFO - 2 changes detected
2026-06-20 21:40:19 - watchfiles.main - INFO - 1 change detected
2026-06-20 21:40:19 - watchfiles.main - INFO - 1 change detected
2026-06-20 21:40:20 - watchfiles.main - INFO - 1 change detected
2026-06-20 21:40:20 - watchfiles.main - INFO - 1 change detected
2026-06-20 21:40:21 - watchfiles.main - INFO - 1 change detected
2026-06-20 21:40:21 - watchfiles.main - INFO - 1 change detected
2026-06-20 21:40:21 - watchfiles.main - INFO - 1 change detected
2026-06-20 21:40:22 - watchfiles.main - INFO - 1 change detected
2026-06-20 21:40:22 - watchfiles.main - INFO - 1 change detected
2026-06-20 21:40:23 - watchfiles.main - INFO - 1 change detected
2026-06-20 21:40:23 - watchfiles.main - INFO - 1 change detected
2026-06-20 21:40:24 - watchfiles.main - INFO - 87 changes detected
2026-06-20 21:40:25 - watchfiles.main - INFO - 27 changes detected
2026-06-20 21:40:25 - watchfiles.main - INFO - 1 change detected
2026-06-20 21:40:26 - watchfiles.main - INFO - 1 change detected
2026-06-20 21:40:26 - watchfiles.main - INFO - 1 change detected
2026-06-20 21:40:26 - watchfiles.main - INFO - 1 change detected
2026-06-20 21:40:27 - watchfiles.main - INFO - 1 change detected
2026-06-20 21:40:27 - watchfiles.main - INFO - 1 change detected
2026-06-20 21:40:28 - watchfiles.main - INFO - 1 change detected
2026-06-20 21:40:28 - watchfiles.main - INFO - 1 change detected
2026-06-20 21:40:28 - watchfiles.main - INFO - 1 change detected
2026-06-20 21:40:29 - watchfiles.main - INFO - 1 change detected
2026-06-20 21:40:29 - watchfiles.main - INFO - 1 change detected
2026-06-20 21:40:30 - watchfiles.main - INFO - 1 change detected
2026-06-20 21:40:30 - watchfiles.main - INFO - 1 change detected
2026-06-20 21:40:30 - watchfiles.main - INFO - 1 change detected
2026-06-20 21:40:31 - watchfiles.main - INFO - 1 change detected
2026-06-20 21:40:31 - watchfiles.main - INFO - 1 change detected
2026-06-20 21:40:32 - watchfiles.main - INFO - 1 change detected
2026-06-20 21:40:32 - watchfiles.main - INFO - 1 change detected
2026-06-20 21:40:32 - watchfiles.main - INFO - 1 change detected
2026-06-20 21:40:33 - watchfiles.main - INFO - 1 change detected
2026-06-20 21:40:33 - watchfiles.main - INFO - 1 change detected
2026-06-20 21:40:34 - watchfiles.main - INFO - 1 change detected
2026-06-20 21:40:34 - watchfiles.main - INFO - 1 change detected
2026-06-20 21:40:34 - watchfiles.main - INFO - 1 change detected
2026-06-20 21:40:35 - watchfiles.main - INFO - 1 change detected
2026-06-20 21:40:35 - watchfiles.main - INFO - 1 change detected
2026-06-20 21:40:36 - watchfiles.main - INFO - 1 change detected
2026-06-20 21:40:36 - watchfiles.main - INFO - 1 change detected
2026-06-20 21:40:36 - watchfiles.main - INFO - 1 change detected
2026-06-20 21:40:37 - watchfiles.main - INFO - 1 change detected
2026-06-20 21:40:37 - watchfiles.main - INFO - 1 change detected
2026-06-20 21:40:38 - watchfiles.main - INFO - 1 change detected
2026-06-20 21:40:38 - watchfiles.main - INFO - 1 change detected
2026-06-20 21:40:38 - watchfiles.main - INFO - 1 change detected
2026-06-20 21:40:39 - watchfiles.main - INFO - 1 change detected
2026-06-20 21:40:39 - watchfiles.main - INFO - 1 change detected
2026-06-20 21:40:40 - watchfiles.main - INFO - 1 change detected
2026-06-20 21:40:40 - watchfiles.main - INFO - 1 change detected
2026-06-20 21:40:40 - watchfiles.main - INFO - 1 change detected
2026-06-20 21:40:41 - watchfiles.main - INFO - 1 change detected
2026-06-20 21:40:41 - watchfiles.main - INFO - 1 change detected
2026-06-20 21:40:42 - watchfiles.main - INFO - 1 change detected
2026-06-20 21:40:42 - watchfiles.main - INFO - 1 change detected
2026-06-20 21:40:42 - watchfiles.main - INFO - 1 change detected
2026-06-20 21:40:43 - watchfiles.main - INFO - 1 change detected
2026-06-20 21:40:43 - watchfiles.main - INFO - 1 change detected
2026-06-20 21:40:44 - watchfiles.main - INFO - 1 change detected
2026-06-20 21:40:44 - watchfiles.main - INFO - 1 change detected
2026-06-20 21:40:44 - watchfiles.main - INFO - 1 change detected
2026-06-20 21:40:45 - watchfiles.main - INFO - 1 change detected
2026-06-20 21:40:45 - watchfiles.main - INFO - 1 change detected
2026-06-20 21:40:46 - watchfiles.main - INFO - 1 change detected
2026-06-20 21:40:46 - watchfiles.main - INFO - 1 change detected
2026-06-20 21:40:46 - watchfiles.main - INFO - 1 change detected
2026-06-20 21:40:47 - watchfiles.main - INFO - 1 change detected
2026-06-20 21:40:47 - watchfiles.main - INFO - 1 change detected
2026-06-20 21:40:48 - watchfiles.main - INFO - 1 change detected
2026-06-20 21:40:48 - watchfiles.main - INFO - 1 change detected
2026-06-20 21:40:48 - watchfiles.main - INFO - 1 change detected
2026-06-20 21:40:49 - watchfiles.main - INFO - 1 change detected
2026-06-20 21:40:49 - watchfiles.main - INFO - 1 change detected
2026-06-20 21:40:50 - watchfiles.main - INFO - 1 change detected
2026-06-20 21:40:50 - watchfiles.main - INFO - 1 change detected
2026-06-20 21:40:50 - watchfiles.main - INFO - 1 change detected
2026-06-20 21:40:51 - watchfiles.main - INFO - 1 change detected
2026-06-20 21:40:51 - watchfiles.main - INFO - 1 change detected
2026-06-20 21:40:52 - watchfiles.main - INFO - 1 change detected
2026-06-20 21:40:52 - watchfiles.main - INFO - 1 change detected
2026-06-20 21:40:52 - watchfiles.main - INFO - 1 change detected
2026-06-20 21:40:53 - watchfiles.main - INFO - 1 change detected
2026-06-20 21:40:53 - watchfiles.main - INFO - 1 change detected
2026-06-20 21:40:54 - watchfiles.main - INFO - 1 change detected
2026-06-20 21:40:54 - watchfiles.main - INFO - 1 change detected
2026-06-20 21:40:54 - watchfiles.main - INFO - 1 change detected
2026-06-20 21:40:55 - watchfiles.main - INFO - 1 change detected
2026-06-20 21:40:55 - watchfiles.main - INFO - 1 change detected
2026-06-20 21:40:56 - watchfiles.main - INFO - 1 change detected
2026-06-20 21:40:56 - watchfiles.main - INFO - 1 change detected
2026-06-20 21:40:56 - watchfiles.main - INFO - 1 change detected
2026-06-20 21:40:57 - watchfiles.main - INFO - 1 change detected
2026-06-20 21:40:57 - watchfiles.main - INFO - 1 change detected
2026-06-20 21:40:58 - watchfiles.main - INFO - 1 change detected
2026-06-20 21:40:58 - watchfiles.main - INFO - 1 change detected
2026-06-20 21:40:58 - watchfiles.main - INFO - 1 change detected
2026-06-20 21:40:59 - watchfiles.main - INFO - 1 change detected
2026-06-20 21:40:59 - watchfiles.main - INFO - 1 change detected
2026-06-20 21:41:00 - watchfiles.main - INFO - 1 change detected
2026-06-20 21:41:00 - watchfiles.main - INFO - 1 change detected
2026-06-20 21:41:00 - watchfiles.main - INFO - 1 change detected
2026-06-20 21:41:01 - watchfiles.main - INFO - 1 change detected
2026-06-20 21:41:01 - watchfiles.main - INFO - 1 change detected
2026-06-20 21:41:02 - watchfiles.main - INFO - 1 change detected
2026-06-20 21:41:02 - watchfiles.main - INFO - 1 change detected
2026-06-20 21:41:02 - watchfiles.main - INFO - 1 change detected
2026-06-20 21:41:03 - watchfiles.main - INFO - 1 change detected
2026-06-20 21:41:03 - watchfiles.main - INFO - 1 change detected
2026-06-20 21:41:04 - watchfiles.main - INFO - 1 change detected
2026-06-20 21:41:04 - watchfiles.main - INFO - 1 change detected
2026-06-20 21:41:04 - watchfiles.main - INFO - 1 change detected
2026-06-20 21:41:05 - watchfiles.main - INFO - 1 change detected
2026-06-20 21:41:05 - watchfiles.main - INFO - 1 change detected
2026-06-20 21:41:06 - watchfiles.main - INFO - 1 change detected
2026-06-20 21:41:06 - watchfiles.main - INFO - 1 change detected
2026-06-20 21:41:06 - watchfiles.main - INFO - 1 change detected
2026-06-20 21:41:07 - watchfiles.main - INFO - 1 change detected
2026-06-20 21:41:07 - watchfiles.main - INFO - 1 change detected
2026-06-20 21:41:08 - watchfiles.main - INFO - 1 change detected
2026-06-20 21:41:08 - watchfiles.main - INFO - 1 change detected
2026-06-20 21:41:08 - watchfiles.main - INFO - 1 change detected
2026-06-20 21:41:09 - watchfiles.main - INFO - 1 change detected
2026-06-20 21:41:09 - watchfiles.main - INFO - 1 change detected
2026-06-20 21:41:10 - watchfiles.main - INFO - 1 change detected
2026-06-20 21:41:10 - watchfiles.main - INFO - 1 change detected
2026-06-20 21:41:10 - watchfiles.main - INFO - 1 change detected
2026-06-20 21:41:11 - watchfiles.main - INFO - 1 change detected
2026-06-20 21:41:11 - watchfiles.main - INFO - 1 change detected
2026-06-20 21:41:12 - watchfiles.main - INFO - 1 change detected
2026-06-20 21:41:12 - watchfiles.main - INFO - 1 change detected
2026-06-20 21:41:12 - watchfiles.main - INFO - 1 change detected
2026-06-20 21:41:13 - watchfiles.main - INFO - 1 change detected
2026-06-20 21:41:13 - watchfiles.main - INFO - 1 change detected
2026-06-20 21:41:14 - watchfiles.main - INFO - 1 change detected
2026-06-20 21:41:14 - watchfiles.main - INFO - 1 change detected
2026-06-20 21:41:14 - watchfiles.main - INFO - 1 change detected
2026-06-20 21:41:15 - watchfiles.main - INFO - 1 change detected
2026-06-20 21:41:15 - watchfiles.main - INFO - 1 change detected
2026-06-20 21:41:16 - watchfiles.main - INFO - 1 change detected
2026-06-20 21:41:16 - watchfiles.main - INFO - 1 change detected
2026-06-20 21:41:17 - watchfiles.main - INFO - 1 change detected
2026-06-20 21:41:17 - watchfiles.main - INFO - 1 change detected
2026-06-20 21:41:18 - watchfiles.main - INFO - 1 change detected
2026-06-20 21:41:18 - watchfiles.main - INFO - 1 change detected
2026-06-20 21:41:18 - watchfiles.main - INFO - 1 change detected
2026-06-20 21:41:19 - watchfiles.main - INFO - 1 change detected
2026-06-20 21:41:19 - watchfiles.main - INFO - 1 change detected
2026-06-20 21:41:20 - watchfiles.main - INFO - 1 change detected
2026-06-20 21:41:20 - watchfiles.main - INFO - 1 change detected
2026-06-20 21:41:20 - watchfiles.main - INFO - 1 change detected
2026-06-20 21:41:21 - watchfiles.main - INFO - 1 change detected
2026-06-20 21:41:21 - watchfiles.main - INFO - 1 change detected
2026-06-20 21:41:22 - watchfiles.main - INFO - 1 change detected
2026-06-20 21:41:22 - watchfiles.main - INFO - 1 change detected
2026-06-20 21:41:22 - watchfiles.main - INFO - 1 change detected
2026-06-20 21:41:23 - watchfiles.main - INFO - 1 change detected
2026-06-20 21:41:23 - watchfiles.main - INFO - 1 change detected
2026-06-20 21:41:24 - watchfiles.main - INFO - 1 change detected
2026-06-20 21:41:24 - watchfiles.main - INFO - 1 change detected
2026-06-20 21:41:24 - watchfiles.main - INFO - 1 change detected
2026-06-20 21:41:25 - watchfiles.main - INFO - 1 change detected
2026-06-20 21:41:25 - watchfiles.main - INFO - 24 changes detected
2026-06-20 21:41:26 - watchfiles.main - INFO - 63 changes detected
2026-06-20 21:41:27 - watchfiles.main - INFO - 1 change detected
2026-06-20 21:41:27 - watchfiles.main - INFO - 1 change detected
2026-06-20 21:41:28 - watchfiles.main - INFO - 1 change detected
2026-06-20 21:41:28 - watchfiles.main - INFO - 1 change detected
2026-06-20 21:41:28 - watchfiles.main - INFO - 1 change detected
2026-06-20 21:41:29 - watchfiles.main - INFO - 1 change detected
2026-06-20 21:41:29 - watchfiles.main - INFO - 1 change detected
2026-06-20 21:41:30 - watchfiles.main - INFO - 1 change detected
2026-06-20 21:41:30 - watchfiles.main - INFO - 1 change detected
2026-06-20 21:41:30 - watchfiles.main - INFO - 1 change detected
2026-06-20 21:41:31 - watchfiles.main - INFO - 1 change detected
2026-06-20 21:41:31 - watchfiles.main - INFO - 1 change detected
2026-06-20 21:41:32 - watchfiles.main - INFO - 1 change detected
2026-06-20 21:41:32 - watchfiles.main - INFO - 1 change detected
2026-06-20 21:41:32 - watchfiles.main - INFO - 1 change detected
2026-06-20 21:41:33 - watchfiles.main - INFO - 1 change detected
2026-06-20 21:41:33 - watchfiles.main - INFO - 1 change detected
2026-06-20 21:41:34 - watchfiles.main - INFO - 1 change detected
2026-06-20 21:41:34 - watchfiles.main - INFO - 1 change detected
2026-06-20 21:41:34 - watchfiles.main - INFO - 1 change detected
2026-06-20 21:41:35 - watchfiles.main - INFO - 1 change detected
2026-06-20 21:41:35 - watchfiles.main - INFO - 1 change detected
2026-06-20 21:41:35 - watchfiles.main - INFO - 1 change detected
2026-06-20 21:41:36 - watchfiles.main - INFO - 1 change detected
2026-06-20 21:41:36 - watchfiles.main - INFO - 1 change detected
2026-06-20 21:41:37 - watchfiles.main - INFO - 1 change detected
2026-06-20 21:41:37 - watchfiles.main - INFO - 1 change detected
2026-06-20 21:41:37 - watchfiles.main - INFO - 1 change detected
2026-06-20 21:41:38 - watchfiles.main - INFO - 1 change detected
2026-06-20 21:41:38 - watchfiles.main - INFO - 1 change detected
2026-06-20 21:41:39 - watchfiles.main - INFO - 1 change detected
2026-06-20 21:41:39 - watchfiles.main - INFO - 1 change detected
2026-06-20 21:41:39 - watchfiles.main - INFO - 1 change detected
2026-06-20 21:41:40 - watchfiles.main - INFO - 1 change detected
2026-06-20 21:41:40 - watchfiles.main - INFO - 4 changes detected
2026-06-20 21:41:41 - watchfiles.main - INFO - 2 changes detected
2026-06-20 21:41:41 - watchfiles.main - INFO - 1 change detected
2026-06-20 21:41:41 - watchfiles.main - INFO - 1 change detected
2026-06-20 21:41:42 - watchfiles.main - INFO - 1 change detected
2026-06-20 21:41:42 - watchfiles.main - INFO - 1 change detected
2026-06-20 21:41:43 - watchfiles.main - INFO - 1 change detected
2026-06-20 21:41:43 - watchfiles.main - INFO - 1 change detected
2026-06-20 21:41:43 - watchfiles.main - INFO - 1 change detected
2026-06-20 21:41:44 - watchfiles.main - INFO - 1 change detected
2026-06-20 21:41:44 - watchfiles.main - INFO - 1 change detected
2026-06-20 21:41:44 - watchfiles.main - INFO - 1 change detected
2026-06-20 21:41:45 - watchfiles.main - INFO - 1 change detected
2026-06-20 21:41:45 - watchfiles.main - INFO - 1 change detected
2026-06-20 21:41:46 - watchfiles.main - INFO - 1 change detected
2026-06-20 21:41:46 - watchfiles.main - INFO - 1 change detected
2026-06-20 21:41:46 - watchfiles.main - INFO - 1 change detected
2026-06-20 21:41:47 - watchfiles.main - INFO - 1 change detected
2026-06-20 21:41:47 - watchfiles.main - INFO - 1 change detected
2026-06-20 21:41:48 - watchfiles.main - INFO - 1 change detected
2026-06-20 21:41:48 - watchfiles.main - INFO - 1 change detected
2026-06-20 21:41:48 - watchfiles.main - INFO - 1 change detected
2026-06-20 21:41:49 - watchfiles.main - INFO - 1 change detected
2026-06-20 21:41:49 - watchfiles.main - INFO - 1 change detected
2026-06-20 21:41:50 - watchfiles.main - INFO - 1 change detected
2026-06-20 21:41:50 - watchfiles.main - INFO - 1 change detected
2026-06-20 21:41:50 - watchfiles.main - INFO - 1 change detected
2026-06-20 21:41:51 - watchfiles.main - INFO - 1 change detected
2026-06-20 21:41:51 - watchfiles.main - INFO - 1 change detected
2026-06-20 21:41:52 - watchfiles.main - INFO - 1 change detected
2026-06-20 21:41:52 - watchfiles.main - INFO - 1 change detected
2026-06-20 21:41:52 - watchfiles.main - INFO - 1 change detected
2026-06-20 21:41:53 - watchfiles.main - INFO - 1 change detected
2026-06-20 21:41:53 - watchfiles.main - INFO - 1 change detected
2026-06-20 21:41:54 - watchfiles.main - INFO - 1 change detected
2026-06-20 21:41:54 - watchfiles.main - INFO - 1 change detected
2026-06-20 21:41:54 - watchfiles.main - INFO - 1 change detected
2026-06-20 21:41:55 - watchfiles.main - INFO - 1 change detected
2026-06-20 21:41:55 - watchfiles.main - INFO - 1 change detected
2026-06-20 21:41:56 - watchfiles.main - INFO - 1 change detected
2026-06-20 21:41:56 - watchfiles.main - INFO - 1 change detected
2026-06-20 21:41:57 - watchfiles.main - INFO - 1 change detected
2026-06-20 21:41:57 - watchfiles.main - INFO - 1 change detected
2026-06-20 21:41:57 - watchfiles.main - INFO - 1 change detected
2026-06-20 21:41:58 - watchfiles.main - INFO - 1 change detected
2026-06-20 21:41:58 - watchfiles.main - INFO - 1 change detected
2026-06-20 21:41:58 - watchfiles.main - INFO - 1 change detected
2026-06-20 21:41:59 - watchfiles.main - INFO - 1 change detected
2026-06-20 21:41:59 - watchfiles.main - INFO - 1 change detected
2026-06-20 21:42:00 - watchfiles.main - INFO - 1 change detected
2026-06-20 21:42:00 - watchfiles.main - INFO - 1 change detected
2026-06-20 21:42:00 - watchfiles.main - INFO - 1 change detected
2026-06-20 21:42:01 - watchfiles.main - INFO - 1 change detected
2026-06-20 21:42:01 - watchfiles.main - INFO - 1 change detected
2026-06-20 21:42:02 - watchfiles.main - INFO - 1 change detected
2026-06-20 21:42:02 - watchfiles.main - INFO - 1 change detected
2026-06-20 21:42:03 - watchfiles.main - INFO - 1 change detected
2026-06-20 21:42:03 - watchfiles.main - INFO - 1 change detected
2026-06-20 21:42:03 - watchfiles.main - INFO - 1 change detected
2026-06-20 21:42:04 - watchfiles.main - INFO - 1 change detected
2026-06-20 21:42:04 - watchfiles.main - INFO - 1 change detected
2026-06-20 21:42:05 - watchfiles.main - INFO - 1 change detected
2026-06-20 21:42:05 - watchfiles.main - INFO - 1 change detected
2026-06-20 21:42:05 - watchfiles.main - INFO - 1 change detected
2026-06-20 21:42:06 - watchfiles.main - INFO - 1 change detected
2026-06-20 21:42:06 - watchfiles.main - INFO - 1 change detected
2026-06-20 21:42:06 - watchfiles.main - INFO - 1 change detected
2026-06-20 21:42:07 - watchfiles.main - INFO - 1 change detected
2026-06-20 21:42:07 - watchfiles.main - INFO - 1 change detected
2026-06-20 21:42:08 - watchfiles.main - INFO - 1 change detected
2026-06-20 21:42:08 - watchfiles.main - INFO - 1 change detected
2026-06-20 21:42:08 - watchfiles.main - INFO - 1 change detected
2026-06-20 21:42:09 - watchfiles.main - INFO - 1 change detected
2026-06-20 21:42:09 - watchfiles.main - INFO - 1 change detected
2026-06-20 21:42:10 - watchfiles.main - INFO - 1 change detected
2026-06-20 21:42:10 - watchfiles.main - INFO - 1 change detected
2026-06-20 21:42:10 - watchfiles.main - INFO - 1 change detected
2026-06-20 21:42:11 - watchfiles.main - INFO - 1 change detected
2026-06-20 21:42:11 - watchfiles.main - INFO - 1 change detected
2026-06-20 21:42:12 - watchfiles.main - INFO - 1 change detected
2026-06-20 21:42:12 - watchfiles.main - INFO - 1 change detected
2026-06-20 21:42:12 - watchfiles.main - INFO - 1 change detected
2026-06-20 21:42:13 - watchfiles.main - INFO - 1 change detected
2026-06-20 21:42:13 - watchfiles.main - INFO - 1 change detected
2026-06-20 21:42:14 - watchfiles.main - INFO - 1 change detected
2026-06-20 21:42:14 - watchfiles.main - INFO - 1 change detected
2026-06-20 21:42:14 - watchfiles.main - INFO - 1 change detected
2026-06-20 21:42:15 - watchfiles.main - INFO - 1 change detected
2026-06-20 21:42:15 - watchfiles.main - INFO - 1 change detected
2026-06-20 21:42:16 - watchfiles.main - INFO - 1 change detected
2026-06-20 21:42:16 - watchfiles.main - INFO - 1 change detected
2026-06-20 21:42:16 - watchfiles.main - INFO - 1 change detected
2026-06-20 21:42:17 - watchfiles.main - INFO - 1 change detected
2026-06-20 21:42:17 - watchfiles.main - INFO - 1 change detected
2026-06-20 21:42:18 - watchfiles.main - INFO - 1 change detected
2026-06-20 21:42:18 - watchfiles.main - INFO - 1 change detected
2026-06-20 21:42:18 - watchfiles.main - INFO - 1 change detected
2026-06-20 21:42:19 - watchfiles.main - INFO - 1 change detected
2026-06-20 21:42:19 - watchfiles.main - INFO - 1 change detected
2026-06-20 21:42:20 - watchfiles.main - INFO - 1 change detected
2026-06-20 21:42:20 - watchfiles.main - INFO - 1 change detected
2026-06-20 21:42:20 - watchfiles.main - INFO - 1 change detected
2026-06-20 21:42:21 - watchfiles.main - INFO - 1 change detected
2026-06-20 21:42:21 - watchfiles.main - INFO - 1 change detected
2026-06-20 21:42:22 - watchfiles.main - INFO - 1 change detected
2026-06-20 21:42:22 - watchfiles.main - INFO - 1 change detected
2026-06-20 21:42:22 - watchfiles.main - INFO - 1 change detected
2026-06-20 21:42:23 - watchfiles.main - INFO - 1 change detected
2026-06-20 21:42:23 - watchfiles.main - INFO - 1 change detected
2026-06-20 21:42:24 - watchfiles.main - INFO - 1 change detected
2026-06-20 21:42:24 - watchfiles.main - INFO - 1 change detected
2026-06-20 21:42:24 - watchfiles.main - INFO - 1 change detected
2026-06-20 21:42:25 - watchfiles.main - INFO - 1 change detected
2026-06-20 21:42:25 - watchfiles.main - INFO - 1 change detected
2026-06-20 21:42:26 - watchfiles.main - INFO - 1 change detected
2026-06-20 21:42:26 - watchfiles.main - INFO - 1 change detected
2026-06-20 21:42:26 - watchfiles.main - INFO - 1 change detected
2026-06-20 21:42:27 - watchfiles.main - INFO - 1 change detected
2026-06-20 21:42:27 - watchfiles.main - INFO - 1 change detected
2026-06-20 21:42:28 - watchfiles.main - INFO - 1 change detected
2026-06-20 21:42:28 - watchfiles.main - INFO - 1 change detected
2026-06-20 21:42:28 - watchfiles.main - INFO - 1 change detected
2026-06-20 21:42:29 - watchfiles.main - INFO - 1 change detected
2026-06-20 21:42:29 - watchfiles.main - INFO - 1 change detected
2026-06-20 21:42:30 - watchfiles.main - INFO - 1 change detected
2026-06-20 21:42:30 - watchfiles.main - INFO - 1 change detected
2026-06-20 21:42:30 - watchfiles.main - INFO - 1 change detected
2026-06-20 21:42:31 - watchfiles.main - INFO - 1 change detected
2026-06-20 21:42:31 - watchfiles.main - INFO - 1 change detected
2026-06-20 21:42:32 - watchfiles.main - INFO - 1 change detected
2026-06-20 21:42:32 - watchfiles.main - INFO - 1 change detected
2026-06-20 21:42:32 - watchfiles.main - INFO - 1 change detected
2026-06-20 21:42:33 - watchfiles.main - INFO - 1 change detected
2026-06-20 21:42:33 - watchfiles.main - INFO - 1 change detected
2026-06-20 21:42:34 - watchfiles.main - INFO - 1 change detected
2026-06-20 21:42:34 - watchfiles.main - INFO - 1 change detected
2026-06-20 21:42:34 - watchfiles.main - INFO - 1 change detected
2026-06-20 21:42:35 - watchfiles.main - INFO - 1 change detected
2026-06-20 21:42:35 - watchfiles.main - INFO - 1 change detected
2026-06-20 21:42:36 - watchfiles.main - INFO - 1 change detected
2026-06-20 21:42:36 - watchfiles.main - INFO - 1 change detected
2026-06-20 21:42:36 - watchfiles.main - INFO - 1 change detected
2026-06-20 21:42:37 - watchfiles.main - INFO - 1 change detected
2026-06-20 21:42:37 - watchfiles.main - INFO - 1 change detected
2026-06-20 21:42:37 - app.main - INFO - App shutting down
2026-06-20 21:42:38 - watchfiles.main - INFO - 3 changes detected
2026-06-20 21:42:39 - app.main - INFO - Initializing Dynasty Ninja Timer v0.1.0
2026-06-20 21:42:39 - app.main - INFO - Static files mounted from app\static
2026-06-20 21:42:39 - app.main - INFO - App started on 0.0.0.0:8000
2026-06-20 21:42:39 - watchfiles.main - INFO - 9 changes detected
2026-06-20 21:42:39 - watchfiles.main - INFO - 1 change detected
2026-06-20 21:42:39 - watchfiles.main - INFO - 1 change detected
2026-06-20 21:42:40 - watchfiles.main - INFO - 1 change detected
2026-06-20 21:42:40 - watchfiles.main - INFO - 1 change detected
2026-06-20 21:42:41 - watchfiles.main - INFO - 1 change detected
2026-06-20 21:42:41 - watchfiles.main - INFO - 1 change detected
2026-06-20 21:42:41 - watchfiles.main - INFO - 1 change detected
2026-06-20 21:42:42 - watchfiles.main - INFO - 1 change detected
2026-06-20 21:42:42 - watchfiles.main - INFO - 1 change detected
2026-06-20 21:42:43 - watchfiles.main - INFO - 1 change detected
2026-06-20 21:42:43 - watchfiles.main - INFO - 1 change detected
2026-06-20 21:42:43 - watchfiles.main - INFO - 1 change detected
2026-06-20 21:42:44 - watchfiles.main - INFO - 1 change detected
2026-06-20 21:42:44 - watchfiles.main - INFO - 1 change detected
2026-06-20 21:42:45 - watchfiles.main - INFO - 1 change detected
2026-06-20 21:42:45 - watchfiles.main - INFO - 1 change detected
2026-06-20 21:42:45 - watchfiles.main - INFO - 1 change detected
2026-06-20 21:42:46 - watchfiles.main - INFO - 1 change detected
2026-06-20 21:42:46 - watchfiles.main - INFO - 1 change detected
2026-06-20 21:42:47 - watchfiles.main - INFO - 1 change detected
2026-06-20 21:42:47 - watchfiles.main - INFO - 1 change detected
2026-06-20 21:42:47 - watchfiles.main - INFO - 1 change detected
2026-06-20 21:42:48 - watchfiles.main - INFO - 1 change detected
2026-06-20 21:42:48 - watchfiles.main - INFO - 1 change detected
2026-06-20 21:42:49 - watchfiles.main - INFO - 1 change detected
2026-06-20 21:42:49 - watchfiles.main - INFO - 1 change detected
2026-06-20 21:42:49 - watchfiles.main - INFO - 1 change detected
2026-06-20 21:42:50 - watchfiles.main - INFO - 2 changes detected
2026-06-20 21:42:50 - app.main - INFO - App shutting down
2026-06-20 21:42:51 - watchfiles.main - INFO - 3 changes detected
2026-06-20 21:42:51 - app.main - INFO - Initializing Dynasty Ninja Timer v0.1.0
2026-06-20 21:42:51 - app.main - INFO - Static files mounted from app\static
2026-06-20 21:42:51 - app.main - INFO - App started on 0.0.0.0:8000
2026-06-20 21:42:51 - watchfiles.main - INFO - 8 changes detected
2026-06-20 21:42:52 - watchfiles.main - INFO - 1 change detected
2026-06-20 21:42:52 - watchfiles.main - INFO - 1 change detected
2026-06-20 21:42:53 - watchfiles.main - INFO - 1 change detected
2026-06-20 21:42:53 - watchfiles.main - INFO - 1 change detected
2026-06-20 21:42:54 - watchfiles.main - INFO - 1 change detected
2026-06-20 21:42:54 - watchfiles.main - INFO - 1 change detected
2026-06-20 21:42:54 - watchfiles.main - INFO - 1 change detected
2026-06-20 21:42:55 - watchfiles.main - INFO - 1 change detected
2026-06-20 21:42:55 - watchfiles.main - INFO - 1 change detected
2026-06-20 21:42:56 - watchfiles.main - INFO - 1 change detected
2026-06-20 21:42:56 - watchfiles.main - INFO - 1 change detected
2026-06-20 21:42:56 - watchfiles.main - INFO - 1 change detected
2026-06-20 21:42:57 - watchfiles.main - INFO - 1 change detected
2026-06-20 21:42:57 - watchfiles.main - INFO - 1 change detected
2026-06-20 21:42:58 - watchfiles.main - INFO - 1 change detected
2026-06-20 21:42:58 - watchfiles.main - INFO - 1 change detected
2026-06-20 21:42:58 - watchfiles.main - INFO - 1 change detected
2026-06-20 21:42:59 - watchfiles.main - INFO - 1 change detected
2026-06-20 21:42:59 - watchfiles.main - INFO - 1 change detected
2026-06-20 21:43:00 - watchfiles.main - INFO - 1 change detected
2026-06-20 21:43:00 - watchfiles.main - INFO - 1 change detected
2026-06-20 21:43:00 - watchfiles.main - INFO - 1 change detected
2026-06-20 21:43:01 - watchfiles.main - INFO - 1 change detected
2026-06-20 21:43:01 - watchfiles.main - INFO - 1 change detected
2026-06-20 21:43:02 - watchfiles.main - INFO - 1 change detected
2026-06-20 21:43:02 - watchfiles.main - INFO - 1 change detected
2026-06-20 21:43:02 - watchfiles.main - INFO - 1 change detected
2026-06-20 21:43:03 - watchfiles.main - INFO - 1 change detected
2026-06-20 21:43:03 - watchfiles.main - INFO - 1 change detected
2026-06-20 21:43:04 - watchfiles.main - INFO - 1 change detected
2026-06-20 21:43:04 - watchfiles.main - INFO - 1 change detected
2026-06-20 21:43:04 - watchfiles.main - INFO - 1 change detected
2026-06-20 21:43:05 - watchfiles.main - INFO - 1 change detected
2026-06-20 21:43:05 - watchfiles.main - INFO - 1 change detected
2026-06-20 21:43:06 - watchfiles.main - INFO - 1 change detected
2026-06-20 21:43:06 - watchfiles.main - INFO - 1 change detected
2026-06-20 21:43:06 - watchfiles.main - INFO - 1 change detected
2026-06-20 21:43:07 - watchfiles.main - INFO - 1 change detected
2026-06-20 21:43:07 - watchfiles.main - INFO - 1 change detected
2026-06-20 21:43:08 - watchfiles.main - INFO - 1 change detected
2026-06-20 21:43:08 - watchfiles.main - INFO - 1 change detected
2026-06-20 21:43:08 - watchfiles.main - INFO - 1 change detected
2026-06-20 21:43:09 - watchfiles.main - INFO - 1 change detected
2026-06-20 21:43:09 - watchfiles.main - INFO - 1 change detected
2026-06-20 21:43:10 - watchfiles.main - INFO - 1 change detected
2026-06-20 21:43:10 - watchfiles.main - INFO - 1 change detected
2026-06-20 21:43:10 - watchfiles.main - INFO - 1 change detected
2026-06-20 21:43:11 - watchfiles.main - INFO - 1 change detected
2026-06-20 21:43:11 - watchfiles.main - INFO - 1 change detected
2026-06-20 21:43:12 - watchfiles.main - INFO - 1 change detected
2026-06-20 21:43:12 - watchfiles.main - INFO - 1 change detected
2026-06-20 21:43:12 - watchfiles.main - INFO - 1 change detected
2026-06-20 21:43:13 - watchfiles.main - INFO - 1 change detected
2026-06-20 21:43:13 - watchfiles.main - INFO - 1 change detected
2026-06-20 21:43:14 - watchfiles.main - INFO - 1 change detected
2026-06-20 21:43:14 - watchfiles.main - INFO - 1 change detected
2026-06-20 21:43:14 - watchfiles.main - INFO - 1 change detected
2026-06-20 21:43:15 - watchfiles.main - INFO - 1 change detected
2026-06-20 21:43:15 - watchfiles.main - INFO - 1 change detected
2026-06-20 21:43:16 - watchfiles.main - INFO - 1 change detected
2026-06-20 21:43:16 - watchfiles.main - INFO - 1 change detected
2026-06-20 21:43:17 - watchfiles.main - INFO - 2 changes detected
2026-06-20 21:43:17 - app.main - INFO - App shutting down
2026-06-20 21:43:17 - watchfiles.main - INFO - 5 changes detected
2026-06-20 21:43:17 - app.main - INFO - Initializing Dynasty Ninja Timer v0.1.0
2026-06-20 21:43:17 - app.main - INFO - Static files mounted from app\static
2026-06-20 21:43:17 - app.main - INFO - App started on 0.0.0.0:8000
2026-06-20 21:43:18 - watchfiles.main - INFO - 4 changes detected
2026-06-20 21:43:18 - watchfiles.main - INFO - 1 change detected
2026-06-20 21:43:18 - watchfiles.main - INFO - 1 change detected
2026-06-20 21:43:19 - watchfiles.main - INFO - 1 change detected
2026-06-20 21:43:19 - watchfiles.main - INFO - 1 change detected
2026-06-20 21:43:19 - watchfiles.main - INFO - 1 change detected
2026-06-20 21:43:20 - watchfiles.main - INFO - 1 change detected
2026-06-20 21:43:20 - watchfiles.main - INFO - 1 change detected
2026-06-20 21:43:21 - watchfiles.main - INFO - 1 change detected
2026-06-20 21:43:21 - watchfiles.main - INFO - 1 change detected
2026-06-20 21:43:22 - watchfiles.main - INFO - 1 change detected
2026-06-20 21:43:22 - watchfiles.main - INFO - 1 change detected
2026-06-20 21:43:22 - watchfiles.main - INFO - 1 change detected
2026-06-20 21:43:23 - watchfiles.main - INFO - 1 change detected
2026-06-20 21:43:23 - watchfiles.main - INFO - 1 change detected
2026-06-20 21:43:23 - watchfiles.main - INFO - 1 change detected
2026-06-20 21:43:24 - watchfiles.main - INFO - 1 change detected
2026-06-20 21:43:24 - watchfiles.main - INFO - 1 change detected
2026-06-20 21:43:25 - watchfiles.main - INFO - 1 change detected
2026-06-20 21:43:25 - watchfiles.main - INFO - 1 change detected
2026-06-20 21:43:26 - watchfiles.main - INFO - 1 change detected
2026-06-20 21:43:26 - watchfiles.main - INFO - 1 change detected
2026-06-20 21:43:26 - watchfiles.main - INFO - 1 change detected
2026-06-20 21:43:27 - watchfiles.main - INFO - 1 change detected
2026-06-20 21:43:27 - watchfiles.main - INFO - 1 change detected
2026-06-20 21:43:28 - watchfiles.main - INFO - 1 change detected
2026-06-20 21:43:28 - watchfiles.main - INFO - 1 change detected
2026-06-20 21:43:28 - watchfiles.main - INFO - 1 change detected
2026-06-20 21:43:29 - watchfiles.main - INFO - 1 change detected
2026-06-20 21:43:29 - watchfiles.main - INFO - 1 change detected
2026-06-20 21:43:30 - watchfiles.main - INFO - 1 change detected
2026-06-20 21:43:30 - watchfiles.main - INFO - 1 change detected
2026-06-20 21:43:30 - watchfiles.main - INFO - 1 change detected
2026-06-20 21:43:31 - watchfiles.main - INFO - 1 change detected
2026-06-20 21:43:31 - watchfiles.main - INFO - 1 change detected
2026-06-20 21:43:32 - watchfiles.main - INFO - 1 change detected
2026-06-20 21:43:32 - watchfiles.main - INFO - 1 change detected
2026-06-20 21:43:32 - watchfiles.main - INFO - 1 change detected
2026-06-20 21:43:33 - watchfiles.main - INFO - 1 change detected
2026-06-20 21:43:33 - watchfiles.main - INFO - 1 change detected
2026-06-20 21:43:34 - watchfiles.main - INFO - 1 change detected
2026-06-20 21:43:34 - watchfiles.main - INFO - 1 change detected
2026-06-20 21:43:34 - watchfiles.main - INFO - 1 change detected
2026-06-20 21:43:35 - watchfiles.main - INFO - 1 change detected
2026-06-20 21:43:35 - watchfiles.main - INFO - 1 change detected
2026-06-20 21:43:36 - watchfiles.main - INFO - 1 change detected
2026-06-20 21:43:36 - watchfiles.main - INFO - 1 change detected
2026-06-20 21:43:36 - watchfiles.main - INFO - 1 change detected
2026-06-20 21:43:37 - watchfiles.main - INFO - 1 change detected
2026-06-20 21:43:37 - watchfiles.main - INFO - 1 change detected
2026-06-20 21:43:38 - watchfiles.main - INFO - 1 change detected
2026-06-20 21:43:38 - watchfiles.main - INFO - 1 change detected
2026-06-20 21:43:38 - watchfiles.main - INFO - 1 change detected
2026-06-20 21:43:39 - watchfiles.main - INFO - 1 change detected
2026-06-20 21:43:39 - watchfiles.main - INFO - 1 change detected
2026-06-20 21:43:39 - watchfiles.main - INFO - 1 change detected
2026-06-20 21:43:40 - watchfiles.main - INFO - 1 change detected
2026-06-20 21:43:40 - watchfiles.main - INFO - 1 change detected
2026-06-20 21:43:41 - watchfiles.main - INFO - 1 change detected
2026-06-20 21:43:41 - watchfiles.main - INFO - 1 change detected
2026-06-20 21:43:41 - watchfiles.main - INFO - 1 change detected
2026-06-20 21:43:42 - watchfiles.main - INFO - 1 change detected
2026-06-20 21:43:42 - watchfiles.main - INFO - 1 change detected
2026-06-20 21:43:43 - watchfiles.main - INFO - 1 change detected
2026-06-20 21:43:43 - watchfiles.main - INFO - 1 change detected
2026-06-20 21:43:44 - watchfiles.main - INFO - 1 change detected
2026-06-20 21:43:44 - watchfiles.main - INFO - 1 change detected
2026-06-20 21:43:44 - watchfiles.main - INFO - 1 change detected
2026-06-20 21:43:45 - watchfiles.main - INFO - 1 change detected
2026-06-20 21:43:45 - watchfiles.main - INFO - 1 change detected
2026-06-20 21:43:45 - watchfiles.main - INFO - 1 change detected
2026-06-20 21:43:46 - watchfiles.main - INFO - 1 change detected
2026-06-20 21:43:46 - watchfiles.main - INFO - 1 change detected
2026-06-20 21:43:47 - watchfiles.main - INFO - 1 change detected
2026-06-20 21:43:47 - watchfiles.main - INFO - 1 change detected
2026-06-20 21:43:48 - watchfiles.main - INFO - 1 change detected
2026-06-20 21:43:48 - watchfiles.main - INFO - 1 change detected
2026-06-20 21:43:48 - watchfiles.main - INFO - 1 change detected
2026-06-20 21:43:49 - watchfiles.main - INFO - 1 change detected
2026-06-20 21:43:49 - watchfiles.main - INFO - 1 change detected
2026-06-20 21:43:50 - watchfiles.main - INFO - 1 change detected
2026-06-20 21:43:50 - watchfiles.main - INFO - 1 change detected
2026-06-20 21:43:50 - watchfiles.main - INFO - 1 change detected
2026-06-20 21:43:51 - watchfiles.main - INFO - 1 change detected
2026-06-20 21:43:51 - watchfiles.main - INFO - 1 change detected
2026-06-20 21:43:51 - watchfiles.main - INFO - 1 change detected
2026-06-20 21:43:52 - watchfiles.main - INFO - 1 change detected
2026-06-20 21:43:52 - watchfiles.main - INFO - 1 change detected
2026-06-20 21:43:53 - watchfiles.main - INFO - 1 change detected
2026-06-20 21:43:53 - watchfiles.main - INFO - 1 change detected
2026-06-20 21:43:53 - watchfiles.main - INFO - 1 change detected
2026-06-20 21:43:54 - watchfiles.main - INFO - 1 change detected
2026-06-20 21:43:54 - watchfiles.main - INFO - 1 change detected
2026-06-20 21:43:55 - watchfiles.main - INFO - 1 change detected
2026-06-20 21:43:55 - watchfiles.main - INFO - 1 change detected
2026-06-20 21:43:55 - watchfiles.main - INFO - 1 change detected
2026-06-20 21:43:56 - watchfiles.main - INFO - 1 change detected
2026-06-20 21:43:56 - watchfiles.main - INFO - 1 change detected
2026-06-20 21:43:57 - watchfiles.main - INFO - 1 change detected
2026-06-20 21:43:57 - watchfiles.main - INFO - 1 change detected
2026-06-20 21:43:58 - watchfiles.main - INFO - 1 change detected
2026-06-20 21:43:58 - watchfiles.main - INFO - 1 change detected
2026-06-20 21:43:58 - watchfiles.main - INFO - 1 change detected
2026-06-20 21:43:59 - watchfiles.main - INFO - 1 change detected
2026-06-20 21:43:59 - watchfiles.main - INFO - 1 change detected
2026-06-20 21:43:59 - watchfiles.main - INFO - 1 change detected
2026-06-20 21:44:00 - watchfiles.main - INFO - 1 change detected
2026-06-20 21:44:00 - watchfiles.main - INFO - 1 change detected
2026-06-20 21:44:01 - watchfiles.main - INFO - 1 change detected
2026-06-20 21:44:01 - watchfiles.main - INFO - 1 change detected
2026-06-20 21:44:01 - watchfiles.main - INFO - 1 change detected
2026-06-20 21:44:02 - watchfiles.main - INFO - 1 change detected
2026-06-20 21:44:02 - watchfiles.main - INFO - 1 change detected
2026-06-20 21:44:03 - watchfiles.main - INFO - 1 change detected
2026-06-20 21:44:03 - watchfiles.main - INFO - 1 change detected
2026-06-20 21:44:03 - watchfiles.main - INFO - 1 change detected
2026-06-20 21:44:04 - watchfiles.main - INFO - 1 change detected
2026-06-20 21:44:04 - watchfiles.main - INFO - 1 change detected
2026-06-20 21:44:05 - watchfiles.main - INFO - 1 change detected
2026-06-20 21:44:05 - watchfiles.main - INFO - 1 change detected
2026-06-20 21:44:05 - watchfiles.main - INFO - 1 change detected
2026-06-20 21:44:06 - watchfiles.main - INFO - 1 change detected
2026-06-20 21:44:06 - watchfiles.main - INFO - 1 change detected
2026-06-20 21:44:07 - watchfiles.main - INFO - 1 change detected
2026-06-20 21:44:07 - watchfiles.main - INFO - 1 change detected
2026-06-20 21:44:07 - watchfiles.main - INFO - 1 change detected
2026-06-20 21:44:08 - watchfiles.main - INFO - 1 change detected
2026-06-20 21:44:08 - watchfiles.main - INFO - 1 change detected
2026-06-20 21:44:09 - watchfiles.main - INFO - 1 change detected
2026-06-20 21:44:09 - watchfiles.main - INFO - 1 change detected
2026-06-20 21:44:09 - watchfiles.main - INFO - 1 change detected
2026-06-20 21:44:10 - watchfiles.main - INFO - 1 change detected
2026-06-20 21:44:10 - watchfiles.main - INFO - 1 change detected
2026-06-20 21:44:11 - watchfiles.main - INFO - 1 change detected
2026-06-20 21:44:11 - watchfiles.main - INFO - 1 change detected
2026-06-20 21:44:11 - watchfiles.main - INFO - 1 change detected
2026-06-20 21:44:12 - watchfiles.main - INFO - 1 change detected
2026-06-20 21:44:12 - watchfiles.main - INFO - 1 change detected
2026-06-20 21:44:13 - watchfiles.main - INFO - 1 change detected
2026-06-20 21:44:13 - watchfiles.main - INFO - 1 change detected
2026-06-20 21:44:13 - watchfiles.main - INFO - 1 change detected
2026-06-20 21:44:14 - watchfiles.main - INFO - 1 change detected
2026-06-20 21:44:14 - watchfiles.main - INFO - 1 change detected
2026-06-20 21:44:15 - watchfiles.main - INFO - 1 change detected
2026-06-20 21:44:15 - watchfiles.main - INFO - 1 change detected
2026-06-20 21:44:15 - watchfiles.main - INFO - 1 change detected
2026-06-20 21:44:16 - watchfiles.main - INFO - 1 change detected
2026-06-20 21:44:16 - watchfiles.main - INFO - 1 change detected
2026-06-20 21:44:17 - watchfiles.main - INFO - 1 change detected
2026-06-20 21:44:17 - watchfiles.main - INFO - 1 change detected
2026-06-20 21:44:17 - watchfiles.main - INFO - 1 change detected
2026-06-20 21:44:18 - watchfiles.main - INFO - 1 change detected
2026-06-20 21:44:18 - watchfiles.main - INFO - 1 change detected
2026-06-20 21:44:19 - watchfiles.main - INFO - 1 change detected
2026-06-20 21:44:19 - watchfiles.main - INFO - 1 change detected
2026-06-20 21:44:19 - watchfiles.main - INFO - 1 change detected
2026-06-20 21:44:20 - watchfiles.main - INFO - 1 change detected
2026-06-20 21:44:20 - watchfiles.main - INFO - 1 change detected
2026-06-20 21:44:21 - watchfiles.main - INFO - 1 change detected
2026-06-20 21:44:21 - watchfiles.main - INFO - 1 change detected
2026-06-20 21:44:22 - watchfiles.main - INFO - 1 change detected
2026-06-20 21:44:22 - watchfiles.main - INFO - 1 change detected
2026-06-20 21:44:22 - watchfiles.main - INFO - 1 change detected
2026-06-20 21:44:23 - watchfiles.main - INFO - 1 change detected
2026-06-20 21:44:23 - watchfiles.main - INFO - 1 change detected
2026-06-20 21:44:24 - watchfiles.main - INFO - 2 changes detected
2026-06-20 21:44:24 - app.main - INFO - App shutting down
2026-06-20 21:44:24 - watchfiles.main - INFO - 5 changes detected
2026-06-20 21:44:24 - app.main - INFO - Initializing Dynasty Ninja Timer v0.1.0
2026-06-20 21:44:24 - app.main - INFO - Static files mounted from app\static
2026-06-20 21:44:24 - app.main - INFO - App started on 0.0.0.0:8000
2026-06-20 21:44:25 - watchfiles.main - INFO - 3 changes detected
2026-06-20 21:44:25 - watchfiles.main - INFO - 1 change detected
2026-06-20 21:44:25 - watchfiles.main - INFO - 1 change detected
2026-06-20 21:44:26 - watchfiles.main - INFO - 1 change detected
2026-06-20 21:44:26 - watchfiles.main - INFO - 1 change detected
2026-06-20 21:44:26 - watchfiles.main - INFO - 1 change detected
2026-06-20 21:44:27 - watchfiles.main - INFO - 1 change detected
2026-06-20 21:44:27 - watchfiles.main - INFO - 1 change detected
2026-06-20 21:44:28 - watchfiles.main - INFO - 1 change detected
2026-06-20 21:44:28 - watchfiles.main - INFO - 1 change detected
2026-06-20 21:44:28 - watchfiles.main - INFO - 1 change detected
2026-06-20 21:44:29 - watchfiles.main - INFO - 1 change detected
2026-06-20 21:44:29 - watchfiles.main - INFO - 1 change detected
2026-06-20 21:44:30 - watchfiles.main - INFO - 1 change detected
2026-06-20 21:44:30 - watchfiles.main - INFO - 1 change detected
2026-06-20 21:44:30 - watchfiles.main - INFO - 1 change detected
2026-06-20 21:44:31 - watchfiles.main - INFO - 1 change detected
2026-06-20 21:44:31 - watchfiles.main - INFO - 1 change detected
2026-06-20 21:44:32 - watchfiles.main - INFO - 1 change detected
2026-06-20 21:44:32 - watchfiles.main - INFO - 1 change detected
2026-06-20 21:44:32 - watchfiles.main - INFO - 1 change detected
2026-06-20 21:44:33 - watchfiles.main - INFO - 1 change detected
2026-06-20 21:44:33 - watchfiles.main - INFO - 1 change detected
2026-06-20 21:44:34 - watchfiles.main - INFO - 1 change detected
2026-06-20 21:44:34 - watchfiles.main - INFO - 1 change detected
2026-06-20 21:44:34 - watchfiles.main - INFO - 1 change detected
2026-06-20 21:44:35 - watchfiles.main - INFO - 1 change detected
2026-06-20 21:44:35 - watchfiles.main - INFO - 1 change detected
2026-06-20 21:44:36 - watchfiles.main - INFO - 1 change detected
2026-06-20 21:44:36 - watchfiles.main - INFO - 1 change detected
2026-06-20 21:44:36 - watchfiles.main - INFO - 1 change detected
2026-06-20 21:44:37 - watchfiles.main - INFO - 1 change detected
2026-06-20 21:44:37 - watchfiles.main - INFO - 1 change detected
2026-06-20 21:44:38 - watchfiles.main - INFO - 1 change detected
2026-06-20 21:44:38 - watchfiles.main - INFO - 1 change detected
2026-06-20 21:44:38 - watchfiles.main - INFO - 1 change detected
2026-06-20 21:44:39 - watchfiles.main - INFO - 1 change detected
2026-06-20 21:44:39 - watchfiles.main - INFO - 1 change detected
2026-06-20 21:44:40 - watchfiles.main - INFO - 1 change detected
2026-06-20 21:44:40 - watchfiles.main - INFO - 1 change detected
2026-06-20 21:44:40 - watchfiles.main - INFO - 1 change detected
2026-06-20 21:44:41 - watchfiles.main - INFO - 1 change detected
2026-06-20 21:44:41 - watchfiles.main - INFO - 1 change detected
2026-06-20 21:44:42 - watchfiles.main - INFO - 1 change detected
2026-06-20 21:44:42 - watchfiles.main - INFO - 1 change detected
2026-06-20 21:44:42 - watchfiles.main - INFO - 1 change detected
2026-06-20 21:44:43 - watchfiles.main - INFO - 1 change detected
2026-06-20 21:44:43 - watchfiles.main - INFO - 1 change detected
2026-06-20 21:44:44 - watchfiles.main - INFO - 1 change detected
2026-06-20 21:44:44 - watchfiles.main - INFO - 1 change detected
2026-06-20 21:44:45 - watchfiles.main - INFO - 1 change detected
2026-06-20 21:44:45 - watchfiles.main - INFO - 1 change detected
2026-06-20 21:44:45 - watchfiles.main - INFO - 2 changes detected
2026-06-20 21:44:46 - app.main - INFO - App shutting down
2026-06-20 21:44:46 - watchfiles.main - INFO - 5 changes detected
2026-06-20 21:44:46 - app.main - INFO - Initializing Dynasty Ninja Timer v0.1.0
2026-06-20 21:44:46 - app.main - INFO - Static files mounted from app\static
2026-06-20 21:44:46 - app.main - INFO - App started on 0.0.0.0:8000
2026-06-20 21:44:46 - watchfiles.main - INFO - 3 changes detected
2026-06-20 21:44:47 - watchfiles.main - INFO - 1 change detected
2026-06-20 21:44:47 - watchfiles.main - INFO - 1 change detected
2026-06-20 21:44:48 - watchfiles.main - INFO - 1 change detected
2026-06-20 21:44:48 - watchfiles.main - INFO - 1 change detected
2026-06-20 21:44:48 - watchfiles.main - INFO - 1 change detected
2026-06-20 21:44:49 - watchfiles.main - INFO - 2 changes detected
2026-06-20 21:44:49 - app.main - INFO - App shutting down
2026-06-20 21:44:49 - watchfiles.main - INFO - 8 changes detected
2026-06-20 21:44:50 - app.main - INFO - Initializing Dynasty Ninja Timer v0.1.0
2026-06-20 21:44:50 - app.main - INFO - Static files mounted from app\static
2026-06-20 21:44:50 - app.main - INFO - App started on 0.0.0.0:8000
2026-06-20 21:44:50 - watchfiles.main - INFO - 14 changes detected
2026-06-20 21:44:50 - watchfiles.main - INFO - 1 change detected
2026-06-20 21:44:51 - watchfiles.main - INFO - 1 change detected
2026-06-20 21:44:51 - watchfiles.main - INFO - 1 change detected
2026-06-20 21:44:52 - watchfiles.main - INFO - 1 change detected
2026-06-20 21:44:52 - watchfiles.main - INFO - 1 change detected
2026-06-20 21:44:52 - watchfiles.main - INFO - 1 change detected
2026-06-20 21:44:53 - watchfiles.main - INFO - 1 change detected
2026-06-20 21:44:53 - watchfiles.main - INFO - 1 change detected
2026-06-20 21:44:54 - watchfiles.main - INFO - 1 change detected
2026-06-20 21:44:54 - watchfiles.main - INFO - 1 change detected
2026-06-20 21:44:54 - watchfiles.main - INFO - 1 change detected
2026-06-20 21:44:55 - watchfiles.main - INFO - 1 change detected
2026-06-20 21:44:55 - watchfiles.main - INFO - 1 change detected
2026-06-20 21:44:56 - watchfiles.main - INFO - 1 change detected
2026-06-20 21:44:56 - watchfiles.main - INFO - 1 change detected
2026-06-20 21:44:56 - watchfiles.main - INFO - 1 change detected
2026-06-20 21:44:57 - watchfiles.main - INFO - 1 change detected
2026-06-20 21:44:57 - watchfiles.main - INFO - 1 change detected
2026-06-20 21:44:58 - watchfiles.main - INFO - 1 change detected
2026-06-20 21:44:58 - watchfiles.main - INFO - 1 change detected
2026-06-20 21:44:58 - watchfiles.main - INFO - 1 change detected
2026-06-20 21:44:59 - watchfiles.main - INFO - 1 change detected
2026-06-20 21:44:59 - watchfiles.main - INFO - 1 change detected
2026-06-20 21:45:00 - watchfiles.main - INFO - 1 change detected
2026-06-20 21:45:00 - watchfiles.main - INFO - 1 change detected
2026-06-20 21:45:01 - watchfiles.main - INFO - 1 change detected
2026-06-20 21:45:01 - watchfiles.main - INFO - 1 change detected
2026-06-20 21:45:01 - watchfiles.main - INFO - 1 change detected
2026-06-20 21:45:02 - watchfiles.main - INFO - 1 change detected
2026-06-20 21:45:02 - watchfiles.main - INFO - 1 change detected
2026-06-20 21:45:02 - watchfiles.main - INFO - 1 change detected
2026-06-20 21:45:03 - watchfiles.main - INFO - 1 change detected
2026-06-20 21:45:03 - watchfiles.main - INFO - 1 change detected
2026-06-20 21:45:04 - watchfiles.main - INFO - 1 change detected
2026-06-20 21:45:04 - watchfiles.main - INFO - 1 change detected
2026-06-20 21:45:05 - watchfiles.main - INFO - 1 change detected
2026-06-20 21:45:05 - watchfiles.main - INFO - 1 change detected
2026-06-20 21:45:05 - watchfiles.main - INFO - 1 change detected
2026-06-20 21:45:06 - watchfiles.main - INFO - 1 change detected
2026-06-20 21:45:06 - watchfiles.main - INFO - 1 change detected
2026-06-20 21:45:07 - watchfiles.main - INFO - 1 change detected
2026-06-20 21:45:07 - watchfiles.main - INFO - 1 change detected
2026-06-20 21:45:08 - watchfiles.main - INFO - 1 change detected
2026-06-20 21:45:08 - watchfiles.main - INFO - 1 change detected
2026-06-20 21:45:08 - watchfiles.main - INFO - 1 change detected
2026-06-20 21:45:09 - watchfiles.main - INFO - 1 change detected
2026-06-20 21:45:09 - watchfiles.main - INFO - 1 change detected
2026-06-20 21:45:10 - watchfiles.main - INFO - 1 change detected
2026-06-20 21:45:10 - watchfiles.main - INFO - 1 change detected
2026-06-20 21:45:10 - watchfiles.main - INFO - 1 change detected
2026-06-20 21:45:11 - watchfiles.main - INFO - 2 changes detected
2026-06-20 21:45:11 - app.main - INFO - App shutting down
2026-06-20 21:45:11 - watchfiles.main - INFO - 5 changes detected
2026-06-20 21:45:12 - app.main - INFO - Initializing Dynasty Ninja Timer v0.1.0
2026-06-20 21:45:12 - app.main - INFO - Static files mounted from app\static
2026-06-20 21:45:12 - app.main - INFO - App started on 0.0.0.0:8000
2026-06-20 21:45:12 - watchfiles.main - INFO - 3 changes detected
2026-06-20 21:45:12 - watchfiles.main - INFO - 1 change detected
2026-06-20 21:45:13 - watchfiles.main - INFO - 1 change detected
2026-06-20 21:45:13 - watchfiles.main - INFO - 1 change detected
2026-06-20 21:45:13 - watchfiles.main - INFO - 1 change detected
2026-06-20 21:45:14 - watchfiles.main - INFO - 1 change detected
2026-06-20 21:45:14 - watchfiles.main - INFO - 1 change detected
2026-06-20 21:45:15 - watchfiles.main - INFO - 1 change detected
2026-06-20 21:45:15 - watchfiles.main - INFO - 1 change detected
2026-06-20 21:45:15 - watchfiles.main - INFO - 1 change detected
2026-06-20 21:45:16 - watchfiles.main - INFO - 1 change detected
2026-06-20 21:45:16 - watchfiles.main - INFO - 1 change detected
2026-06-20 21:45:16 - watchfiles.main - INFO - 1 change detected
2026-06-20 21:45:17 - watchfiles.main - INFO - 1 change detected
2026-06-20 21:45:17 - watchfiles.main - INFO - 1 change detected
2026-06-20 21:45:18 - watchfiles.main - INFO - 1 change detected
2026-06-20 21:45:18 - watchfiles.main - INFO - 1 change detected
2026-06-20 21:45:19 - watchfiles.main - INFO - 1 change detected
2026-06-20 21:45:19 - watchfiles.main - INFO - 5 changes detected
2026-06-20 21:45:19 - watchfiles.main - INFO - 2 changes detected
2026-06-20 21:45:20 - watchfiles.main - INFO - 1 change detected
2026-06-20 21:45:20 - watchfiles.main - INFO - 1 change detected
2026-06-20 21:45:21 - watchfiles.main - INFO - 1 change detected
2026-06-20 21:45:21 - watchfiles.main - INFO - 1 change detected
2026-06-20 21:45:21 - watchfiles.main - INFO - 1 change detected
2026-06-20 21:45:22 - watchfiles.main - INFO - 1 change detected
2026-06-20 21:45:22 - watchfiles.main - INFO - 1 change detected
2026-06-20 21:45:23 - watchfiles.main - INFO - 1 change detected
2026-06-20 21:45:23 - watchfiles.main - INFO - 1 change detected
2026-06-20 21:45:23 - watchfiles.main - INFO - 10 changes detected
2026-06-20 21:45:24 - watchfiles.main - INFO - 1 change detected
2026-06-20 21:45:24 - watchfiles.main - INFO - 1 change detected
2026-06-20 21:45:24 - watchfiles.main - INFO - 1 change detected
2026-06-20 21:45:25 - watchfiles.main - INFO - 1 change detected
2026-06-20 21:45:25 - watchfiles.main - INFO - 1 change detected
2026-06-20 21:45:26 - watchfiles.main - INFO - 1 change detected
2026-06-20 21:45:26 - watchfiles.main - INFO - 1 change detected
2026-06-20 21:45:27 - watchfiles.main - INFO - 1 change detected
2026-06-20 21:45:27 - watchfiles.main - INFO - 1 change detected
2026-06-20 21:45:27 - watchfiles.main - INFO - 1 change detected
2026-06-20 21:45:28 - watchfiles.main - INFO - 1 change detected
2026-06-20 21:45:28 - watchfiles.main - INFO - 1 change detected
2026-06-20 21:45:28 - app.main - INFO - App shutting down
2026-06-20 21:45:29 - watchfiles.main - INFO - 3 changes detected
2026-06-20 21:45:29 - app.main - INFO - Initializing Dynasty Ninja Timer v0.1.0
2026-06-20 21:45:29 - app.main - INFO - Static files mounted from app\static
2026-06-20 21:45:29 - app.main - INFO - App started on 0.0.0.0:8000
2026-06-20 21:45:29 - watchfiles.main - INFO - 8 changes detected
2026-06-20 21:45:30 - watchfiles.main - INFO - 1 change detected
2026-06-20 21:45:31 - watchfiles.main - INFO - 1 change detected
2026-06-20 21:45:31 - watchfiles.main - INFO - 1 change detected
2026-06-20 21:45:31 - watchfiles.main - INFO - 6 changes detected
2026-06-20 21:45:32 - watchfiles.main - INFO - 1 change detected
2026-06-20 21:45:32 - watchfiles.main - INFO - 1 change detected
2026-06-20 21:45:32 - watchfiles.main - INFO - 1 change detected
2026-06-20 21:45:33 - watchfiles.main - INFO - 1 change detected
2026-06-20 21:45:33 - watchfiles.main - INFO - 1 change detected
2026-06-20 21:45:34 - watchfiles.main - INFO - 1 change detected
2026-06-20 21:45:34 - watchfiles.main - INFO - 1 change detected
2026-06-20 21:45:34 - watchfiles.main - INFO - 1 change detected
2026-06-20 21:45:35 - watchfiles.main - INFO - 1 change detected
2026-06-20 21:45:35 - watchfiles.main - INFO - 1 change detected
2026-06-20 21:45:35 - watchfiles.main - INFO - 1 change detected
2026-06-20 21:45:36 - watchfiles.main - INFO - 1 change detected
2026-06-20 21:45:36 - watchfiles.main - INFO - 1 change detected
2026-06-20 21:45:37 - watchfiles.main - INFO - 1 change detected
2026-06-20 21:45:37 - watchfiles.main - INFO - 1 change detected
2026-06-20 21:45:37 - watchfiles.main - INFO - 1 change detected
2026-06-20 21:45:38 - watchfiles.main - INFO - 4 changes detected
2026-06-20 21:45:38 - watchfiles.main - INFO - 1 change detected
2026-06-20 21:45:39 - watchfiles.main - INFO - 1 change detected
2026-06-20 21:45:39 - watchfiles.main - INFO - 1 change detected
2026-06-20 21:45:39 - watchfiles.main - INFO - 1 change detected
2026-06-20 21:45:40 - watchfiles.main - INFO - 1 change detected
2026-06-20 21:45:40 - watchfiles.main - INFO - 1 change detected
2026-06-20 21:45:41 - watchfiles.main - INFO - 1 change detected
2026-06-20 21:45:41 - watchfiles.main - INFO - 1 change detected
2026-06-20 21:45:41 - watchfiles.main - INFO - 1 change detected
2026-06-20 21:45:42 - watchfiles.main - INFO - 1 change detected
2026-06-20 21:45:42 - watchfiles.main - INFO - 1 change detected
2026-06-20 21:45:43 - watchfiles.main - INFO - 1 change detected
2026-06-20 21:45:43 - watchfiles.main - INFO - 1 change detected
2026-06-20 21:45:43 - watchfiles.main - INFO - 1 change detected
2026-06-20 21:45:44 - watchfiles.main - INFO - 1 change detected
2026-06-20 21:45:44 - watchfiles.main - INFO - 1 change detected
2026-06-20 21:45:45 - watchfiles.main - INFO - 1 change detected
2026-06-20 21:45:45 - watchfiles.main - INFO - 1 change detected
2026-06-20 21:45:45 - watchfiles.main - INFO - 1 change detected
2026-06-20 21:45:46 - watchfiles.main - INFO - 1 change detected
2026-06-20 21:45:46 - watchfiles.main - INFO - 1 change detected
2026-06-20 21:45:47 - watchfiles.main - INFO - 1 change detected
2026-06-20 21:45:47 - watchfiles.main - INFO - 1 change detected
2026-06-20 21:45:47 - watchfiles.main - INFO - 1 change detected
2026-06-20 21:45:48 - watchfiles.main - INFO - 1 change detected
2026-06-20 21:45:48 - watchfiles.main - INFO - 1 change detected
2026-06-20 21:45:49 - watchfiles.main - INFO - 1 change detected
2026-06-20 21:45:49 - watchfiles.main - INFO - 1 change detected
2026-06-20 21:45:49 - watchfiles.main - INFO - 1 change detected
2026-06-20 21:45:50 - watchfiles.main - INFO - 1 change detected
2026-06-20 21:45:50 - watchfiles.main - INFO - 1 change detected
2026-06-20 21:45:51 - watchfiles.main - INFO - 1 change detected
2026-06-20 21:45:51 - watchfiles.main - INFO - 1 change detected
2026-06-20 21:45:51 - watchfiles.main - INFO - 1 change detected
2026-06-20 21:45:52 - watchfiles.main - INFO - 1 change detected
2026-06-20 21:45:52 - watchfiles.main - INFO - 1 change detected
2026-06-20 21:45:53 - watchfiles.main - INFO - 1 change detected
2026-06-20 21:45:53 - watchfiles.main - INFO - 1 change detected
2026-06-20 21:45:53 - watchfiles.main - INFO - 1 change detected
2026-06-20 21:45:54 - watchfiles.main - INFO - 1 change detected
2026-06-20 21:45:54 - watchfiles.main - INFO - 1 change detected
2026-06-20 21:45:55 - watchfiles.main - INFO - 1 change detected
2026-06-20 21:45:55 - watchfiles.main - INFO - 1 change detected
2026-06-20 21:45:56 - watchfiles.main - INFO - 2 changes detected
2026-06-20 21:45:56 - app.main - INFO - App shutting down
2026-06-20 21:45:56 - watchfiles.main - INFO - 3 changes detected
2026-06-20 21:45:57 - app.main - INFO - Initializing Dynasty Ninja Timer v0.1.0
2026-06-20 21:45:57 - app.main - INFO - Static files mounted from app\static
2026-06-20 21:45:57 - app.main - INFO - App started on 0.0.0.0:8000
2026-06-20 21:45:57 - watchfiles.main - INFO - 8 changes detected
2026-06-20 21:45:58 - watchfiles.main - INFO - 1 change detected
2026-06-20 21:45:58 - watchfiles.main - INFO - 1 change detected
2026-06-20 21:45:59 - watchfiles.main - INFO - 1 change detected
2026-06-20 21:45:59 - watchfiles.main - INFO - 1 change detected
2026-06-20 21:45:59 - watchfiles.main - INFO - 6 changes detected
2026-06-20 21:46:00 - watchfiles.main - INFO - 1 change detected
2026-06-20 21:46:00 - watchfiles.main - INFO - 1 change detected
2026-06-20 21:46:01 - watchfiles.main - INFO - 1 change detected
2026-06-20 21:46:01 - watchfiles.main - INFO - 1 change detected
2026-06-20 21:46:01 - watchfiles.main - INFO - 1 change detected
2026-06-20 21:46:02 - watchfiles.main - INFO - 1 change detected
2026-06-20 21:46:02 - watchfiles.main - INFO - 1 change detected
2026-06-20 21:46:02 - watchfiles.main - INFO - 1 change detected
2026-06-20 21:46:03 - watchfiles.main - INFO - 1 change detected
2026-06-20 21:46:03 - watchfiles.main - INFO - 1 change detected
2026-06-20 21:46:04 - watchfiles.main - INFO - 1 change detected
2026-06-20 21:46:04 - watchfiles.main - INFO - 1 change detected
2026-06-20 21:46:04 - watchfiles.main - INFO - 1 change detected
2026-06-20 21:46:05 - watchfiles.main - INFO - 1 change detected
2026-06-20 21:46:05 - watchfiles.main - INFO - 1 change detected
2026-06-20 21:46:05 - watchfiles.main - INFO - 1 change detected
2026-06-20 21:46:06 - watchfiles.main - INFO - 1 change detected
2026-06-20 21:46:06 - watchfiles.main - INFO - 1 change detected
2026-06-20 21:46:07 - watchfiles.main - INFO - 4 changes detected
2026-06-20 21:46:07 - watchfiles.main - INFO - 2 changes detected
2026-06-20 21:46:07 - watchfiles.main - INFO - 1 change detected
2026-06-20 21:46:08 - watchfiles.main - INFO - 1 change detected
2026-06-20 21:46:08 - watchfiles.main - INFO - 1 change detected
2026-06-20 21:46:09 - watchfiles.main - INFO - 1 change detected
2026-06-20 21:46:09 - watchfiles.main - INFO - 1 change detected
2026-06-20 21:46:09 - watchfiles.main - INFO - 1 change detected
2026-06-20 21:46:10 - watchfiles.main - INFO - 1 change detected
2026-06-20 21:46:10 - watchfiles.main - INFO - 1 change detected
2026-06-20 21:46:11 - watchfiles.main - INFO - 1 change detected
2026-06-20 21:46:11 - watchfiles.main - INFO - 1 change detected
2026-06-20 21:46:11 - watchfiles.main - INFO - 1 change detected
2026-06-20 21:46:12 - watchfiles.main - INFO - 1 change detected
2026-06-20 21:46:12 - watchfiles.main - INFO - 1 change detected
2026-06-20 21:46:13 - watchfiles.main - INFO - 1 change detected
2026-06-20 21:46:13 - watchfiles.main - INFO - 1 change detected
2026-06-20 21:46:14 - watchfiles.main - INFO - 1 change detected
2026-06-20 21:46:14 - watchfiles.main - INFO - 1 change detected
2026-06-20 21:46:14 - watchfiles.main - INFO - 1 change detected
2026-06-20 21:46:15 - watchfiles.main - INFO - 1 change detected
2026-06-20 21:46:15 - watchfiles.main - INFO - 1 change detected
2026-06-20 21:46:16 - watchfiles.main - INFO - 1 change detected
2026-06-20 21:46:16 - watchfiles.main - INFO - 1 change detected
2026-06-20 21:46:16 - watchfiles.main - INFO - 1 change detected
2026-06-20 21:46:17 - watchfiles.main - INFO - 1 change detected
2026-06-20 21:46:17 - watchfiles.main - INFO - 1 change detected
2026-06-20 21:46:18 - watchfiles.main - INFO - 1 change detected
2026-06-20 21:46:18 - watchfiles.main - INFO - 1 change detected
2026-06-20 21:46:18 - watchfiles.main - INFO - 1 change detected
2026-06-20 21:46:19 - watchfiles.main - INFO - 1 change detected
2026-06-20 21:46:19 - watchfiles.main - INFO - 1 change detected
2026-06-20 21:46:20 - watchfiles.main - INFO - 1 change detected
2026-06-20 21:46:20 - watchfiles.main - INFO - 1 change detected
2026-06-20 21:46:21 - watchfiles.main - INFO - 1 change detected
2026-06-20 21:46:21 - watchfiles.main - INFO - 1 change detected
2026-06-20 21:46:21 - watchfiles.main - INFO - 1 change detected
2026-06-20 21:46:22 - watchfiles.main - INFO - 1 change detected
2026-06-20 21:46:22 - watchfiles.main - INFO - 1 change detected
2026-06-20 21:46:23 - watchfiles.main - INFO - 1 change detected
2026-06-20 21:46:23 - watchfiles.main - INFO - 1 change detected
2026-06-20 21:46:23 - watchfiles.main - INFO - 1 change detected
2026-06-20 21:46:24 - watchfiles.main - INFO - 1 change detected
2026-06-20 21:46:24 - watchfiles.main - INFO - 1 change detected
2026-06-20 21:46:25 - watchfiles.main - INFO - 1 change detected
2026-06-20 21:46:25 - watchfiles.main - INFO - 1 change detected
2026-06-20 21:46:26 - watchfiles.main - INFO - 1 change detected
2026-06-20 21:46:26 - watchfiles.main - INFO - 1 change detected
2026-06-20 21:46:26 - watchfiles.main - INFO - 1 change detected
2026-06-20 21:46:27 - watchfiles.main - INFO - 1 change detected
2026-06-20 21:46:27 - watchfiles.main - INFO - 1 change detected
2026-06-20 21:46:28 - watchfiles.main - INFO - 1 change detected
2026-06-20 21:46:28 - watchfiles.main - INFO - 1 change detected
2026-06-20 21:46:28 - watchfiles.main - INFO - 1 change detected
2026-06-20 21:46:29 - watchfiles.main - INFO - 1 change detected
2026-06-20 21:46:29 - watchfiles.main - INFO - 1 change detected
2026-06-20 21:46:30 - watchfiles.main - INFO - 1 change detected
2026-06-20 21:46:30 - watchfiles.main - INFO - 1 change detected
2026-06-20 21:46:30 - watchfiles.main - INFO - 1 change detected
2026-06-20 21:46:31 - watchfiles.main - INFO - 1 change detected
2026-06-20 21:46:31 - watchfiles.main - INFO - 1 change detected
2026-06-20 21:46:32 - watchfiles.main - INFO - 1 change detected
2026-06-20 21:46:32 - watchfiles.main - INFO - 1 change detected
2026-06-20 21:46:32 - watchfiles.main - INFO - 1 change detected
2026-06-20 21:46:33 - watchfiles.main - INFO - 1 change detected
2026-06-20 21:46:33 - watchfiles.main - INFO - 1 change detected
2026-06-20 21:46:34 - watchfiles.main - INFO - 1 change detected
2026-06-20 21:46:34 - watchfiles.main - INFO - 1 change detected
2026-06-20 21:46:34 - watchfiles.main - INFO - 1 change detected
2026-06-20 21:46:35 - watchfiles.main - INFO - 102 changes detected
2026-06-20 21:46:35 - watchfiles.main - INFO - 34 changes detected
2026-06-20 21:46:36 - watchfiles.main - INFO - 48 changes detected
2026-06-20 21:46:36 - watchfiles.main - INFO - 1 change detected
2026-06-20 21:46:36 - watchfiles.main - INFO - 1 change detected
2026-06-20 21:46:37 - watchfiles.main - INFO - 1 change detected
2026-06-20 21:46:37 - watchfiles.main - INFO - 1 change detected
2026-06-20 21:46:37 - watchfiles.main - INFO - 1 change detected
2026-06-20 21:46:38 - watchfiles.main - INFO - 1 change detected
2026-06-20 21:46:38 - watchfiles.main - INFO - 1 change detected
2026-06-20 21:46:39 - watchfiles.main - INFO - 1 change detected
2026-06-20 21:46:39 - watchfiles.main - INFO - 1 change detected
2026-06-20 21:46:39 - watchfiles.main - INFO - 1 change detected
2026-06-20 21:46:40 - watchfiles.main - INFO - 1 change detected
2026-06-20 21:46:40 - watchfiles.main - INFO - 1 change detected
2026-06-20 21:46:41 - watchfiles.main - INFO - 1 change detected
2026-06-20 21:46:41 - watchfiles.main - INFO - 1 change detected
2026-06-20 21:46:41 - watchfiles.main - INFO - 1 change detected
2026-06-20 21:46:42 - watchfiles.main - INFO - 1 change detected
2026-06-20 21:46:42 - watchfiles.main - INFO - 1 change detected
2026-06-20 21:46:43 - watchfiles.main - INFO - 1 change detected
2026-06-20 21:46:43 - watchfiles.main - INFO - 1 change detected
2026-06-20 21:46:43 - watchfiles.main - INFO - 1 change detected
2026-06-20 21:46:44 - watchfiles.main - INFO - 1 change detected
2026-06-20 21:46:44 - watchfiles.main - INFO - 1 change detected
2026-06-20 21:46:45 - watchfiles.main - INFO - 1 change detected
2026-06-20 21:46:45 - watchfiles.main - INFO - 1 change detected
2026-06-20 21:46:45 - watchfiles.main - INFO - 1 change detected
2026-06-20 21:46:46 - watchfiles.main - INFO - 1 change detected
2026-06-20 21:46:46 - watchfiles.main - INFO - 1 change detected
2026-06-20 21:46:47 - watchfiles.main - INFO - 1 change detected
